#
# A fatal error has been detected by the Java Runtime Environment:
#
#  EXCEPTION_ACCESS_VIOLATION (0xc0000005) at pc=0x00007ffcab0bf8b6, pid=6272, tid=32
#
# JRE version: OpenJDK Runtime Environment (23.0.2+7) (build 23.0.2+7-58)
# Java VM: OpenJDK 64-Bit Server VM (23.0.2+7-58, mixed mode, sharing, tiered, compressed oops, compressed class ptrs, g1 gc, windows-amd64)
# Problematic frame:
# C  [msvcrt.dll+0x4f8b6]
#
# No core dump will be written. Minidumps are not enabled by default on client versions of Windows
#
# If you would like to submit a bug report, please visit:
#   https://bugreport.java.com/bugreport/crash.jsp
# The crash happened outside the Java Virtual Machine in native code.
# See problematic frame for where to report the bug.
#

---------------  S U M M A R Y ------------

Command Line: -Dvisualvm.id=7903224607400 -javaagent:C:\Program Files\JetBrains\IntelliJ IDEA Community Edition 2024.3.1.1\lib\idea_rt.jar=58803:C:\Program Files\JetBrains\IntelliJ IDEA Community Edition 2024.3.1.1\bin -Dfile.encoding=UTF-8 -Dsun.stdout.encoding=UTF-8 -Dsun.stderr.encoding=UTF-8 cognitionmodel.models.upright.GPUTest

Host: AMD Ryzen 9 3900X 12-Core Processor            , 24 cores, 127G,  Windows 10 , 64 bit Build 19041 (10.0.19041.5438)
Time: Tue Mar 25 01:07:56 2025 RTZ 2 (s 10 , 64 bit Build 19041 (10.0.19041.5438) elapsed time: 1.241000 seconds (0d 0h 0m 1s)

---------------  T H R E A D  ---------------

Current thread (0x0000018954fff9a0):  JavaThread "main"             [_thread_in_native, id=32, stack(0x0000002f09d00000,0x0000002f09e00000) (1024K)]

Stack: [0x0000002f09d00000,0x0000002f09e00000],  sp=0x0000002f09dfee30,  free space=1019k
Native frames: (J=compiled Java code, j=interpreted, Vv=VM code, C=native code)
C  [msvcrt.dll+0x4f8b6]  (no source info available)
C  [msvcrt.dll+0x475cb]  (no source info available)
C  [libaparapi.dll+0x7cf9]  (no source info available)
C  0x0000018964b8d207  (no source info available)

The last pc belongs to native method entry point (kind = native) (printed below).
Java frames: (J=compiled Java code, j=interpreted, Vv=VM code)
j  com.aparapi.internal.jni.KernelRunnerJNI.runKernelJNI(JLcom/aparapi/Range;ZILjava/nio/ByteBuffer;Ljava/nio/ByteBuffer;)I+0
j  com.aparapi.internal.kernel.KernelRunner.executeOpenCL(Lcom/aparapi/device/Device;Lcom/aparapi/internal/kernel/KernelRunner$ExecutionSettings;)Lcom/aparapi/Kernel;+106
j  com.aparapi.internal.kernel.KernelRunner.executeInternalInner(Lcom/aparapi/internal/kernel/KernelRunner$ExecutionSettings;Lcom/aparapi/device/Device;Z)Lcom/aparapi/Kernel;+3706
j  com.aparapi.internal.kernel.KernelRunner.executeInternalOuter(Lcom/aparapi/internal/kernel/KernelRunner$ExecutionSettings;)Lcom/aparapi/Kernel;+4
j  com.aparapi.internal.kernel.KernelRunner.execute(Ljava/lang/String;Lcom/aparapi/Range;I)Lcom/aparapi/Kernel;+78
j  com.aparapi.Kernel.execute(Ljava/lang/String;Lcom/aparapi/Range;I)Lcom/aparapi/Kernel;+7
j  com.aparapi.Kernel.execute(Lcom/aparapi/Range;I)Lcom/aparapi/Kernel;+6
j  com.aparapi.Kernel.execute(I)Lcom/aparapi/Kernel;+7
j  cognitionmodel.models.upright.GPUTest.main([Ljava/lang/String;)V+12
v  ~StubRoutines::call_stub 0x0000018964b80fcd

siginfo: EXCEPTION_ACCESS_VIOLATION (0xc0000005), reading address 0x0000000000000001


Registers:
RAX=0x0000000000000001, RBX=0x0000000000000001, RCX=0x000000007ffffffe, RDX=0x0000000000000073
RSP=0x0000002f09dfee30, RBP=0x0000002f09dfef30, RSI=0x000000006451f1b7, RDI=0x0000000000000073
R8 =0xffffffffffffffff, R9 =0x0000000000000007, R10=0x0000000000000000, R11=0x0000000000000200
R12=0x00000000ffffffff, R13=0x0000002f09dff1b0, R14=0x0000000000000061, R15=0x0000000000000000
RIP=0x00007ffcab0bf8b6, EFLAGS=0x0000000000010202


Register to memory mapping:

RAX=0x0000000000000001 is an unknown value
RBX=0x0000000000000001 is an unknown value
RCX=0x000000007ffffffe is an unknown value
RDX=0x0000000000000073 is an unknown value
RSP=0x0000002f09dfee30 is pointing into the stack for thread: 0x0000018954fff9a0
RBP=0x0000002f09dfef30 is pointing into the stack for thread: 0x0000018954fff9a0
RSI=0x000000006451f1b7 libaparapi.dll
RDI=0x0000000000000073 is an unknown value
R8 =0xffffffffffffffff is an unknown value
R9 =0x0000000000000007 is an unknown value
R10=0x0 is null
R11=0x0000000000000200 is an unknown value
R12=0x00000000ffffffff points into unknown readable memory: 00
R13=0x0000002f09dff1b0 is pointing into the stack for thread: 0x0000018954fff9a0
R14=0x0000000000000061 is an unknown value
R15=0x0 is null

Top of Stack: (sp=0x0000002f09dfee30)
0x0000002f09dfee30:   0000018978e340e0 00000000ffffffaf
0x0000002f09dfee40:   0000000000000051 0000000000000010
0x0000002f09dfee50:   0000000000000004 0000018952e30000
0x0000002f09dfee60:   0000000000000002 00007ffcacabb44d
0x0000002f09dfee70:   0000018900000061 0000005100000000
0x0000002f09dfee80:   0000000000000000 0000000700000000
0x0000002f09dfee90:   0000000000000000 00007ffcab0ffa60
0x0000002f09dfeea0:   00007923611c6b98 0000000000000000
0x0000002f09dfeeb0:   000000006451f1b7 0000002f09dff100
0x0000002f09dfeec0:   00007ffcab0ff0a0 0000018952e340a0
0x0000002f09dfeed0:   0000018952e31680 0000018978e34001
0x0000002f09dfeee0:   0000000064521fe0 00007ffcacab5ba1
0x0000002f09dfeef0:   00000022c0000027 0000000000000000
0x0000002f09dfef00:   00007ffcaa67b699 0000018900000004
0x0000002f09dfef10:   0000018978e34070 0000002f09dff190
0x0000002f09dfef20:   0000000064507c42 0000000000000002
0x0000002f09dfef30:   0000002f09dff0d0 000000006fd20000
0x0000002f09dfef40:   0000002f09dff0f0 0000002f09dff120
0x0000002f09dfef50:   0000002f09dff0b0 0000000000000000
0x0000002f09dfef60:   0000000000000010 0000000064521fe0
0x0000002f09dfef70:   0000002f09dff100 000000006fc4d07a
0x0000002f09dfef80:   0000018978e340b0 0000000064521fe0
0x0000002f09dfef90:   0000f9ad49d1d9e6 000000006fd40000
0x0000002f09dfefa0:   0000002f09dff100 000000006144da21
0x0000002f09dfefb0:   0000018978e340b0 0000000064521fe0
0x0000002f09dfefc0:   0000000000000001 0000000000000000
0x0000002f09dfefd0:   000000006451a270 000000006fd46423
0x0000002f09dfefe0:   0000018978e34070 00007ffcab089c9c
0x0000002f09dfeff0:   0000002f09dff090 0000002f09dff0e0
0x0000002f09dff000:   0000002f09dff090 0000002f09dff0e0
0x0000002f09dff010:   0000018978e340b0 0000000064507053
0x0000002f09dff020:   0000000028130000 0000000000000000 

Instructions: (pc=0x00007ffcab0bf8b6)
0x00007ffcab0bf7b6:   f7 c7 30 08 00 00 75 05 41 0f ba ef 0b 49 83 c5
0x00007ffcab0bf7c6:   08 41 f7 c7 10 08 00 00 74 27 45 0f b7 4d f8 48
0x00007ffcab0bf7d6:   8d 55 b0 4d 8b c3 48 8d 4c 24 4c e8 ba 64 fb ff
0x00007ffcab0bf7e6:   45 33 d2 85 c0 74 19 c7 44 24 58 01 00 00 00 eb
0x00007ffcab0bf7f6:   0f 41 8a 45 f8 88 45 b0 c7 44 24 4c 01 00 00 00
0x00007ffcab0bf806:   48 8d 5d b0 e9 4a 03 00 00 c7 44 24 64 01 00 00
0x00007ffcab0bf816:   00 40 80 c7 20 41 83 cf 40 48 8d 5d b0 45 8b f3
0x00007ffcab0bf826:   45 85 e4 0f 89 34 02 00 00 41 bc 06 00 00 00 e9
0x00007ffcab0bf836:   78 02 00 00 40 80 ff 67 7e db 40 80 ff 69 0f 84
0x00007ffcab0bf846:   fb 00 00 00 40 80 ff 6e 0f 84 bd 00 00 00 40 80
0x00007ffcab0bf856:   ff 6f 0f 84 a3 00 00 00 40 80 ff 70 74 69 40 80
0x00007ffcab0bf866:   ff 73 0f 84 01 ff ff ff 40 80 ff 75 0f 84 d1 00
0x00007ffcab0bf876:   00 00 40 80 ff 78 0f 85 d7 02 00 00 b8 27 00 00
0x00007ffcab0bf886:   00 eb 54 ff c9 66 44 39 10 74 08 48 83 c0 02 85
0x00007ffcab0bf896:   c9 75 f0 48 2b c3 48 d1 f8 eb 23 48 85 db 48 8d
0x00007ffcab0bf8a6:   05 71 c7 02 00 48 0f 45 c3 48 8b d8 eb 0a ff c9
0x00007ffcab0bf8b6:   44 38 10 74 07 48 ff c0 85 c9 75 f2 2b c3 89 44
0x00007ffcab0bf8c6:   24 4c e9 8c 02 00 00 41 bc 10 00 00 00 41 0f ba
0x00007ffcab0bf8d6:   ef 0f b8 07 00 00 00 89 44 24 60 45 84 ff 79 13
0x00007ffcab0bf8e6:   04 51 c6 44 24 44 30 88 44 24 45 c7 44 24 48 02
0x00007ffcab0bf8f6:   00 00 00 41 ba 10 00 00 00 eb 4e 41 ba 08 00 00
0x00007ffcab0bf906:   00 45 84 ff 79 43 45 0b fb eb 3e 49 8b 7d 00 49
0x00007ffcab0bf916:   83 c5 08 e8 36 fa ff ff 45 33 d2 85 c0 0f 84 b4
0x00007ffcab0bf926:   05 00 00 41 f6 c7 20 74 06 66 44 89 37 eb 03 44
0x00007ffcab0bf936:   89 37 c7 44 24 58 01 00 00 00 e9 59 03 00 00 41
0x00007ffcab0bf946:   83 cf 40 41 ba 0a 00 00 00 49 83 c5 08 41 0f ba
0x00007ffcab0bf956:   e7 0f 72 07 41 0f ba e7 0c 73 06 49 8b 45 f8 eb
0x00007ffcab0bf966:   2c 41 8b c7 83 e0 40 41 f6 c7 20 74 12 85 c0 74
0x00007ffcab0bf976:   07 49 0f bf 45 f8 eb 15 41 0f b7 45 f8 eb 0e 85
0x00007ffcab0bf986:   c0 74 06 49 63 45 f8 eb 04 41 8b 45 f8 41 f6 c7
0x00007ffcab0bf996:   40 74 0d 48 85 c0 79 08 48 f7 d8 41 0f ba ef 08
0x00007ffcab0bf9a6:   41 f7 c7 00 90 00 00 44 8b c0 bf 00 02 00 00 4c 


Stack slot to memory mapping:

stack at sp + 0 slots: 0x0000018978e340e0 points into unknown readable memory: 0x6f206c656e72654b | 4b 65 72 6e 65 6c 20 6f
stack at sp + 1 slots: 0x00000000ffffffaf points into unknown readable memory: 00
stack at sp + 2 slots: 0x0000000000000051 is an unknown value
stack at sp + 3 slots: 0x0000000000000010 is an unknown value
stack at sp + 4 slots: 0x0000000000000004 is an unknown value
stack at sp + 5 slots: 0x0000018952e30000 points into unknown readable memory: 0x0000000000000000 | 00 00 00 00 00 00 00 00
stack at sp + 6 slots: 0x0000000000000002 is an unknown value
stack at sp + 7 slots: 0x00007ffcacabb44d ntdll.dll

Lock stack of current Java thread (top to bottom):
LockStack[0]: java.util.LinkedHashSet 
{0x000000011e2f0910} - klass: 'java/util/LinkedHashSet'
 - ---- fields (total size 2 words):
 - transient 'map' 'Ljava/util/HashMap;' @12  a 'java/util/LinkedHashMap'{0x000000011e2f0920} (0x23c5e124)

native method entry point (kind = native)  [0x0000018964b8cde0, 0x0000018964b8d938]  2904 bytes
[MachCode]
  0x0000018964b8cde0: 488b 4b08 | 0fb7 492e | 584c 8d74 | ccf8 6800 | 0000 0068 | 0000 0000 | 5055 488b | ec41 5568 
  0x0000018964b8ce00: 0000 0000 | 4c8b 6b08 | 4d8d 6d38 | 5348 8b53 | 0848 8b52 | 0848 8b52 | 1848 8b52 | 7048 8b12 
  0x0000018964b8ce20: 5248 8b53 | 1048 85d2 | 0f84 0700 | 0000 4881 | c210 0100 | 0052 488b | 5308 488b | 5208 488b 
  0x0000018964b8ce40: 5210 5249 | 8bc6 482b | c548 c1e8 | 0350 6800 | 0000 0068 | f7ff ffff | 41c6 8771 | 0400 0001 
  0x0000018964b8ce60: 488b 4310 | 4885 c074 | 208b 88cc | 0000 0083 | c102 8988 | cc00 0000 | 2388 e000 | 0000 0f84 
  0x0000018964b8ce80: 000a 0000 | e9cf 0000 | 0048 8b43 | 1848 85c0 | 0f85 b000 | 0000 e805 | 0000 00e9 | 9900 0000 
  0x0000018964b8cea0: 488b d348 | 8d44 2408 | 4c89 6dc0 | 498b cfc5 | f877 4989 | afb0 0300 | 0049 8987 | a003 0000 
  0x0000018964b8cec0: 4883 ec20 | 40f6 c40f | 0f84 1900 | 0000 4883 | ec08 48b8 | 8028 b527 | fc7f 0000 | ffd0 4883 
  0x0000018964b8cee0: c408 e90c | 0000 0048 | b880 28b5 | 27fc 7f00 | 00ff d048 | 83c4 2049 | c787 a003 | 0000 0000 
  0x0000018964b8cf00: 0000 49c7 | 87b0 0300 | 0000 0000 | 0049 c787 | a803 0000 | 0000 0000 | c5f8 7749 | 837f 0800 
  0x0000018964b8cf20: 0f84 0500 | 0000 e995 | 3fff ff4c | 8b6d c04c | 8b75 c84e | 8d74 f500 | c348 8b43 | 1848 85c0 
  0x0000018964b8cf40: 0f84 1200 | 0000 8b48 | 0883 c102 | 8948 0823 | 481c 0f84 | 2c09 0000 | 493b a7e8 | 0400 000f 
  0x0000018964b8cf60: 8748 0000 | 0089 8424 | 00f0 ffff | 8984 2400 | e0ff ff89 | 8424 00d0 | ffff 8984 | 2400 c0ff 
  0x0000018964b8cf80: ff89 8424 | 00b0 ffff | 8984 2400 | a0ff ff89 | 8424 0090 | ffff 8984 | 2400 80ff | ff49 3ba7 
  0x0000018964b8cfa0: e004 0000 | 7607 4989 | a7e8 0400 | 0041 c687 | 7104 0000 | 0049 ba41 | bd3c 28fc | 7f00 0041 
  0x0000018964b8cfc0: 803a 000f | 843e 0000 | 0048 8b55 | e849 8bcf | 4883 ec20 | 40f6 c40f | 0f84 1900 | 0000 4883 
  0x0000018964b8cfe0: ec08 48b8 | f0f0 ec27 | fc7f 0000 | ffd0 4883 | c408 e90c | 0000 0048 | b8f0 f0ec | 27fc 7f00 
  0x0000018964b8d000: 00ff d048 | 83c4 2048 | 8b5d e84c | 8b5b 0845 | 0fb7 5b2e | 41c1 e303 | 492b e348 | 83ec 2048 
  0x0000018964b8d020: 83e4 f04c | 8b5b 604d | 85db 0f85 | ab00 0000 | e805 0000 | 00e9 9900 | 0000 488b | d348 8d44 
  0x0000018964b8d040: 2408 4c89 | 6dc0 498b | cfc5 f877 | 4989 afb0 | 0300 0049 | 8987 a003 | 0000 4883 | ec20 40f6 
  0x0000018964b8d060: c40f 0f84 | 1900 0000 | 4883 ec08 | 48b8 e04f | b527 fc7f | 0000 ffd0 | 4883 c408 | e90c 0000 
  0x0000018964b8d080: 0048 b8e0 | 4fb5 27fc | 7f00 00ff | d048 83c4 | 2049 c787 | a003 0000 | 0000 0000 | 49c7 87b0 
  0x0000018964b8d0a0: 0300 0000 | 0000 0049 | c787 a803 | 0000 0000 | 0000 c5f8 | 7749 837f | 0800 0f84 | 0500 0000 
  0x0000018964b8d0c0: e9fb 3dff | ff4c 8b6d | c04c 8b75 | c84e 8d74 | f500 c348 | 8b5d e84c | 8b5b 6041 | ffd3 488b 
  0x0000018964b8d0e0: 5de8 4889 | 4518 448b | 5b28 41f6 | c308 0f84 | 1b00 0000 | 4c8b 5b08 | 4d8b 5b08 | 4d8b 5b18 
  0x0000018964b8d100: 4d8b 5b70 | 4d8b 1b4c | 895d 1048 | 8d55 1048 | 8b43 5849 | ba40 3fed | 27fc 7f00 | 0049 3bc2 
  0x0000018964b8d120: 0f85 ab00 | 0000 e805 | 0000 00e9 | 9900 0000 | 488b d348 | 8d44 2408 | 4c89 6dc0 | 498b cfc5 
  0x0000018964b8d140: f877 4989 | afb0 0300 | 0049 8987 | a003 0000 | 4883 ec20 | 40f6 c40f | 0f84 1900 | 0000 4883 
  0x0000018964b8d160: ec08 48b8 | e04f b527 | fc7f 0000 | ffd0 4883 | c408 e90c | 0000 0048 | b8e0 4fb5 | 27fc 7f00 
  0x0000018964b8d180: 00ff d048 | 83c4 2049 | c787 a003 | 0000 0000 | 0000 49c7 | 87b0 0300 | 0000 0000 | 0049 c787 
  0x0000018964b8d1a0: a803 0000 | 0000 0000 | c5f8 7749 | 837f 0800 | 0f84 0500 | 0000 e905 | 3dff ff4c | 8b6d c04c 
  0x0000018964b8d1c0: 8b75 c84e | 8d74 f500 | c348 8b5d | e848 8b43 | 5849 8d8f | c003 0000 | c5f8 7749 | 89af b003 
  0x0000018964b8d1e0: 0000 49ba | d8d1 b864 | 8901 0000 | 4d89 97a8 | 0300 0049 | 89a7 a003 | 0000 41c7 | 8744 0400 
  0x0000018964b8d200: 0004 0000 | 00ff d0c5 | f877 4883 | ec10 c5fb | 1104 2448 | 83ec 1048 | 8904 2448 | c744 2408 
  0x0000018964b8d220: 0000 0000 | 41c7 8744 | 0400 0005 | 0000 00f0 | 8344 24c0 | 0049 3baf | 4804 0000 | 0f87 0e00 
  0x0000018964b8d240: 0000 4183 | bf40 0400 | 0000 0f84 | 2000 0000 | 498b cf4c | 8be4 4883 | ec20 4883 | e4f0 48b8 
  0x0000018964b8d260: 80ab b627 | fc7f 0000 | ffd0 498b | e44d 33e4 | 41c7 8744 | 0400 0008 | 0000 0049 | c787 a003 
  0x0000018964b8d280: 0000 0000 | 0000 49c7 | 87b0 0300 | 0000 0000 | 0049 c787 | a803 0000 | 0000 0000 | c5f8 774d 
  0x0000018964b8d2a0: 8b9f 3004 | 0000 41c7 | 8300 0100 | 0000 0000 | 0049 bbda | a5b8 6489 | 0100 004c | 3b5d 180f 
  0x0000018964b8d2c0: 8524 0200 | 0048 8b04 | 2448 83c4 | 1048 85c0 | 0f84 fe01 | 0000 a803 | 0f85 0800 | 0000 488b 
  0x0000018964b8d2e0: 00e9 ee01 | 0000 a801 | 0f85 0900 | 0000 488b | 40fe e9dd | 0100 0048 | 8b40 ff41 | 807f 3800 
  0x0000018964b8d300: 0f84 ce01 | 0000 4883 | f800 0f84 | c401 0000 | 4d8b 5f28 | 4983 fb00 | 0f84 1400 | 0000 4983 
  0x0000018964b8d320: eb08 4d89 | 5f28 4d03 | 5f30 4989 | 03e9 a201 | 0000 4881 | ecd0 0000 | 0048 8904 | 2448 894c 
  0x0000018964b8d340: 2408 4889 | 5424 1048 | 8974 2418 | 4889 7c24 | 204c 8944 | 2428 4c89 | 4c24 304c | 8954 2438 
  0x0000018964b8d360: 4c89 5c24 | 40c5 fb11 | 4424 50c5 | fb11 4c24 | 58c5 fb11 | 5424 60c5 | fb11 5c24 | 68c5 fb11 
  0x0000018964b8d380: 6424 70c5 | fb11 6c24 | 78c5 fb11 | b424 8000 | 0000 c5fb | 11bc 2488 | 0000 00c5 | 7b11 8424 
  0x0000018964b8d3a0: 9000 0000 | c57b 118c | 2498 0000 | 00c5 7b11 | 9424 a000 | 0000 c57b | 119c 24a8 | 0000 00c5 
  0x0000018964b8d3c0: 7b11 a424 | b000 0000 | c57b 11ac | 24b8 0000 | 00c5 7b11 | b424 c000 | 0000 c57b | 11bc 24c8 
  0x0000018964b8d3e0: 0000 0049 | 8bd7 488b | c848 83ec | 2040 f6c4 | 0f0f 8419 | 0000 0048 | 83ec 0848 | b800 09aa 
  0x0000018964b8d400: 27fc 7f00 | 00ff d048 | 83c4 08e9 | 0c00 0000 | 48b8 0009 | aa27 fc7f | 0000 ffd0 | 4883 c420 
  0x0000018964b8d420: c57b 10bc | 24c8 0000 | 00c5 7b10 | b424 c000 | 0000 c57b | 10ac 24b8 | 0000 00c5 | 7b10 a424 
  0x0000018964b8d440: b000 0000 | c57b 109c | 24a8 0000 | 00c5 7b10 | 9424 a000 | 0000 c57b | 108c 2498 | 0000 00c5 
  0x0000018964b8d460: 7b10 8424 | 9000 0000 | c5fb 10bc | 2488 0000 | 00c5 fb10 | b424 8000 | 0000 c5fb | 106c 2478 
  0x0000018964b8d480: c5fb 1064 | 2470 c5fb | 105c 2468 | c5fb 1054 | 2460 c5fb | 104c 2458 | c5fb 1044 | 2450 4c8b 
  0x0000018964b8d4a0: 5c24 404c | 8b54 2438 | 4c8b 4c24 | 304c 8b44 | 2428 488b | 7c24 2048 | 8b74 2418 | 488b 5424 
  0x0000018964b8d4c0: 1048 8b4c | 2408 488b | 0424 4881 | c4d0 0000 | 00c5 f877 | 4889 4510 | 4883 ec10 | 4889 0424 
  0x0000018964b8d4e0: 48c7 4424 | 0800 0000 | 0041 83bf | c804 0000 | 020f 85bf | 0000 0048 | 81ec 8000 | 0000 4889 
  0x0000018964b8d500: 4424 7848 | 894c 2470 | 4889 5424 | 6848 895c | 2460 4889 | 6c24 5048 | 8974 2448 | 4889 7c24 
  0x0000018964b8d520: 404c 8944 | 2438 4c89 | 4c24 304c | 8954 2428 | 4c89 5c24 | 204c 8964 | 2418 4c89 | 6c24 104c 
  0x0000018964b8d540: 8974 2408 | 4c89 3c24 | 4c8b e448 | 83ec 2048 | 83e4 f048 | b8a0 25ed | 27fc 7f00 | 00ff d049 
  0x0000018964b8d560: 8be4 4c8b | 3c24 4c8b | 7424 084c | 8b6c 2410 | 4c8b 6424 | 184c 8b5c | 2420 4c8b | 5424 284c 
  0x0000018964b8d580: 8b4c 2430 | 4c8b 4424 | 3848 8b7c | 2440 488b | 7424 4848 | 8b6c 2450 | 488b 5c24 | 6048 8b54 
  0x0000018964b8d5a0: 2468 488b | 4c24 7048 | 8b44 2478 | 4881 c480 | 0000 004d | 33e4 488b | 5de8 4c8b | 6b08 4d8d 
  0x0000018964b8d5c0: 6d38 4983 | 7f08 000f | 84bb 0000 | 00e8 0500 | 0000 e996 | 0000 0048 | 8d44 2408 | 4c89 6dc0 
  0x0000018964b8d5e0: 498b cfc5 | f877 4989 | afb0 0300 | 0049 8987 | a003 0000 | 4883 ec20 | 40f6 c40f | 0f84 1900 
  0x0000018964b8d600: 0000 4883 | ec08 48b8 | f06d b527 | fc7f 0000 | ffd0 4883 | c408 e90c | 0000 0048 | b8f0 6db5 
  0x0000018964b8d620: 27fc 7f00 | 00ff d048 | 83c4 2049 | c787 a003 | 0000 0000 | 0000 49c7 | 87b0 0300 | 0000 0000 
  0x0000018964b8d640: 0049 c787 | a803 0000 | 0000 0000 | c5f8 7749 | 837f 0800 | 0f84 0500 | 0000 e961 | 38ff ff4c 
  0x0000018964b8d660: 8b6d c04c | 8b75 c84e | 8d74 f500 | c348 b930 | e514 28fc | 7f00 0048 | 83e4 f048 | b850 4ddb 
  0x0000018964b8d680: 27fc 7f00 | 00ff d0f4 | 448b 5b28 | 41f6 c320 | 0f84 7901 | 0000 488d | 55a8 4c8b | 5a08 4d85 
  0x0000018964b8d6a0: db0f 85bb | 0000 00e8 | 0500 0000 | e996 0000 | 0048 8d44 | 2408 4c89 | 6dc0 498b | cfc5 f877 
  0x0000018964b8d6c0: 4989 afb0 | 0300 0049 | 8987 a003 | 0000 4883 | ec20 40f6 | c40f 0f84 | 1900 0000 | 4883 ec08 
  0x0000018964b8d6e0: 48b8 206d | b527 fc7f | 0000 ffd0 | 4883 c408 | e90c 0000 | 0048 b820 | 6db5 27fc | 7f00 00ff 
  0x0000018964b8d700: d048 83c4 | 2049 c787 | a003 0000 | 0000 0000 | 49c7 87b0 | 0300 0000 | 0000 0049 | c787 a803 
  0x0000018964b8d720: 0000 0000 | 0000 c5f8 | 7749 837f | 0800 0f84 | 0500 0000 | e987 37ff | ff4c 8b6d | c04c 8b75 
  0x0000018964b8d740: c84e 8d74 | f500 c348 | b930 e514 | 28fc 7f00 | 0048 83e4 | f048 b850 | 4ddb 27fc | 7f00 00ff 
  0x0000018964b8d760: d0f4 4c89 | 6dc0 4c8b | 4a08 48c7 | 4208 0000 | 0000 458b | 8718 0600 | 004f 3b4c | 07f8 0f85 
  0x0000018964b8d780: 4900 0000 | 4183 af18 | 0600 0008 | 4f3b 4c07 | f00f 842a | 0000 0049 | 8b01 a802 | 0f85 1200 
  0x0000018964b8d7a0: 0000 4c8b | c049 83c8 | 01f0 4d0f | b101 0f84 | 0d00 0000 | 4183 8718 | 0600 0008 | e90c 0000 
  0x0000018964b8d7c0: 0049 ff8f | 5005 0000 | e93e 0000 | 004c 894a | 0848 8bca | 4883 ec20 | 40f6 c40f | 0f84 1900 
  0x0000018964b8d7e0: 0000 4883 | ec08 48b8 | e03f b527 | fc7f 0000 | ffd0 4883 | c408 e90c | 0000 0048 | b8e0 3fb5 
  0x0000018964b8d800: 27fc 7f00 | 00ff d048 | 83c4 204c | 8b6d c049 | ba41 bd3c | 28fc 7f00 | 0041 803a | 000f 843e 
  0x0000018964b8d820: 0000 0048 | 8b55 e849 | 8bcf 4883 | ec20 40f6 | c40f 0f84 | 1900 0000 | 4883 ec08 | 48b8 f0f0 
  0x0000018964b8d840: ec27 fc7f | 0000 ffd0 | 4883 c408 | e90c 0000 | 0048 b8f0 | f0ec 27fc | 7f00 00ff | d048 83c4 
  0x0000018964b8d860: 2048 8b04 | 2448 83c4 | 10c5 fb10 | 0424 4883 | c410 4c8b | 5d18 41ff | d34c 8b5d | f8c9 5f49 
  0x0000018964b8d880: 8be3 ffe7 | ba00 0000 | 00e8 0500 | 0000 e996 | 0000 0048 | 8d44 2408 | 4c89 6dc0 | 498b cfc5 
  0x0000018964b8d8a0: f877 4989 | afb0 0300 | 0049 8987 | a003 0000 | 4883 ec20 | 40f6 c40f | 0f84 1900 | 0000 4883 
  0x0000018964b8d8c0: ec08 48b8 | 9033 b527 | fc7f 0000 | ffd0 4883 | c408 e90c | 0000 0048 | b890 33b5 | 27fc 7f00 
  0x0000018964b8d8e0: 00ff d048 | 83c4 2049 | c787 a003 | 0000 0000 | 0000 49c7 | 87b0 0300 | 0000 0000 | 0049 c787 
  0x0000018964b8d900: a803 0000 | 0000 0000 | c5f8 7749 | 837f 0800 | 0f84 0500 | 0000 e9a5 | 35ff ff4c | 8b6d c04c 
  0x0000018964b8d920: 8b75 c84e | 8d74 f500 | c348 8b5d | e8e9 26f6 | ffff 660f | 1f44 0000 
[/MachCode]

---------------  P R O C E S S  ---------------

Threads class SMR info:
_java_thread_list=0x0000018978cd74d0, length=18, elements={
0x0000018954fff9a0, 0x0000018978375190, 0x0000018978375ac0, 0x0000018978376290,
0x0000018978376b80, 0x00000189783771f0, 0x000001897837fc90, 0x000001897838db50,
0x000001897838ea20, 0x00000189784944f0, 0x00000189784a1480, 0x00000189784a4580,
0x00000189784a7580, 0x00000189786e68e0, 0x000001897870a410, 0x0000018978c90260,
0x00000189c4880ff0, 0x00000189c492fad0
}

Java Threads: ( => current thread )
=>0x0000018954fff9a0 JavaThread "main"                              [_thread_in_native, id=32, stack(0x0000002f09d00000,0x0000002f09e00000) (1024K)]
  0x0000018978375190 JavaThread "Reference Handler"          daemon [_thread_blocked, id=5920, stack(0x0000002f0a500000,0x0000002f0a600000) (1024K)]
  0x0000018978375ac0 JavaThread "Finalizer"                  daemon [_thread_blocked, id=18100, stack(0x0000002f0a600000,0x0000002f0a700000) (1024K)]
  0x0000018978376290 JavaThread "Signal Dispatcher"          daemon [_thread_blocked, id=23096, stack(0x0000002f0a700000,0x0000002f0a800000) (1024K)]
  0x0000018978376b80 JavaThread "Attach Listener"            daemon [_thread_blocked, id=18672, stack(0x0000002f0a800000,0x0000002f0a900000) (1024K)]
  0x00000189783771f0 JavaThread "Service Thread"             daemon [_thread_blocked, id=14032, stack(0x0000002f0a900000,0x0000002f0aa00000) (1024K)]
  0x000001897837fc90 JavaThread "Monitor Deflation Thread"   daemon [_thread_blocked, id=12668, stack(0x0000002f0aa00000,0x0000002f0ab00000) (1024K)]
  0x000001897838db50 JavaThread "C2 CompilerThread0"         daemon [_thread_blocked, id=12780, stack(0x0000002f0ab00000,0x0000002f0ac00000) (1024K)]
  0x000001897838ea20 JavaThread "C1 CompilerThread0"         daemon [_thread_blocked, id=17972, stack(0x0000002f0ac00000,0x0000002f0ad00000) (1024K)]
  0x00000189784944f0 JavaThread "Common-Cleaner"             daemon [_thread_blocked, id=22472, stack(0x0000002f0ad00000,0x0000002f0ae00000) (1024K)]
  0x00000189784a1480 JavaThread "C1 CompilerThread1"         daemon [_thread_blocked, id=8388, stack(0x0000002f0ae00000,0x0000002f0af00000) (1024K)]
  0x00000189784a4580 JavaThread "C1 CompilerThread2"         daemon [_thread_blocked, id=12844, stack(0x0000002f0af00000,0x0000002f0b000000) (1024K)]
  0x00000189784a7580 JavaThread "C1 CompilerThread3"         daemon [_thread_blocked, id=1252, stack(0x0000002f0b000000,0x0000002f0b100000) (1024K)]
  0x00000189786e68e0 JavaThread "Monitor Ctrl-Break"         daemon [_thread_in_native, id=4640, stack(0x0000002f0b200000,0x0000002f0b300000) (1024K)]
  0x000001897870a410 JavaThread "Notification Thread"        daemon [_thread_blocked, id=22076, stack(0x0000002f0b300000,0x0000002f0b400000) (1024K)]
  0x0000018978c90260 JavaThread "C2 CompilerThread1"         daemon [_thread_blocked, id=11276, stack(0x0000002f0b400000,0x0000002f0b500000) (1024K)]
  0x00000189c4880ff0 JavaThread "C2 CompilerThread2"         daemon [_thread_blocked, id=20584, stack(0x0000002f0b500000,0x0000002f0b600000) (1024K)]
  0x00000189c492fad0 JavaThread "C2 CompilerThread3"         daemon [_thread_blocked, id=15664, stack(0x0000002f0b600000,0x0000002f0b700000) (1024K)]
Total: 18

Other Threads:
  0x000001897835d4a0 VMThread "VM Thread"                           [id=4672, stack(0x0000002f0a400000,0x0000002f0a500000) (1024K)]
  0x000001897834c860 WatcherThread "VM Periodic Task Thread"        [id=22732, stack(0x0000002f0a300000,0x0000002f0a400000) (1024K)]
  0x000001896d6fd890 WorkerThread "GC Thread#0"                     [id=3868, stack(0x0000002f09e00000,0x0000002f09f00000) (1024K)]
  0x00000189550b7c40 ConcurrentGCThread "G1 Main Marker"            [id=15188, stack(0x0000002f09f00000,0x0000002f0a000000) (1024K)]
  0x0000018952bf9fd0 WorkerThread "G1 Conc#0"                       [id=6768, stack(0x0000002f0a000000,0x0000002f0a100000) (1024K)]
  0x000001896d7f49f0 ConcurrentGCThread "G1 Refine#0"               [id=9264, stack(0x0000002f0a100000,0x0000002f0a200000) (1024K)]
  0x000001896d7f81a0 ConcurrentGCThread "G1 Service"                [id=23212, stack(0x0000002f0a200000,0x0000002f0a300000) (1024K)]
Total: 7

Threads with active compile tasks:
Total: 0

VM state: not at safepoint (normal execution)

VM Mutex/Monitor currently owned by a thread: None

Heap address: 0x00000000a0000000, size: 30208 MB, Compressed Oops mode: Zero based, Oop shift amount: 3

CDS archive(s) mapped at: [0x0000018979000000-0x0000018979d70000-0x0000018979d70000), size 14090240, SharedBaseAddress: 0x0000018979000000, ArchiveRelocationMode: 1.
Compressed class space mapped at: 0x000001897a000000-0x00000189ba000000, reserved size: 1073741824
Narrow klass base: 0x0000018979000000, Narrow klass shift: 0, Narrow klass range: 0x41000000

GC Precious Log:
 CardTable entry size: 512
 Card Set container configuration: InlinePtr #cards 3 size 8 Array Of Cards #cards 128 size 272 Howl #buckets 8 coarsen threshold 29491 Howl Bitmap #cards 4096 size 528 coarsen threshold 3686 Card regions per heap region 1 cards per card region 32768
 CPUs: 24 total, 24 available
 Memory: 127G
 Large Page Support: Disabled
 NUMA Support: Disabled
 Compressed Oops: Enabled (Zero based)
 Heap Region Size: 16M
 Heap Min Capacity: 16M
 Heap Initial Capacity: 2G
 Heap Max Capacity: 30208M
 Pre-touch: Disabled
 Parallel Workers: 18
 Concurrent Workers: 5
 Concurrent Refinement Workers: 18
 Periodic GC: Disabled

Heap:
 garbage-first heap   total reserved 30932992K, committed 2097152K, used 16384K [0x00000000a0000000, 0x0000000800000000)
  region size 16384K, 2 young (32768K), 0 survivors (0K)
 Metaspace       used 5903K, committed 6080K, reserved 1114112K
  class space    used 831K, committed 896K, reserved 1048576K

Heap Regions: E=young(eden), S=young(survivor), O=old, HS=humongous(starts), HC=humongous(continues), CS=collection set, F=free, TAMS=top-at-mark-start, PB=parsable bottom
|   0|0x00000000a0000000, 0x00000000a0000000, 0x00000000a1000000|  0%| F|  |TAMS 0x00000000a0000000| PB 0x00000000a0000000| Untracked |  0
|   1|0x00000000a1000000, 0x00000000a1000000, 0x00000000a2000000|  0%| F|  |TAMS 0x00000000a1000000| PB 0x00000000a1000000| Untracked |  0
|   2|0x00000000a2000000, 0x00000000a2000000, 0x00000000a3000000|  0%| F|  |TAMS 0x00000000a2000000| PB 0x00000000a2000000| Untracked |  0
|   3|0x00000000a3000000, 0x00000000a3000000, 0x00000000a4000000|  0%| F|  |TAMS 0x00000000a3000000| PB 0x00000000a3000000| Untracked |  0
|   4|0x00000000a4000000, 0x00000000a4000000, 0x00000000a5000000|  0%| F|  |TAMS 0x00000000a4000000| PB 0x00000000a4000000| Untracked |  0
|   5|0x00000000a5000000, 0x00000000a5000000, 0x00000000a6000000|  0%| F|  |TAMS 0x00000000a5000000| PB 0x00000000a5000000| Untracked |  0
|   6|0x00000000a6000000, 0x00000000a6000000, 0x00000000a7000000|  0%| F|  |TAMS 0x00000000a6000000| PB 0x00000000a6000000| Untracked |  0
|   7|0x00000000a7000000, 0x00000000a7000000, 0x00000000a8000000|  0%| F|  |TAMS 0x00000000a7000000| PB 0x00000000a7000000| Untracked |  0
|   8|0x00000000a8000000, 0x00000000a8000000, 0x00000000a9000000|  0%| F|  |TAMS 0x00000000a8000000| PB 0x00000000a8000000| Untracked |  0
|   9|0x00000000a9000000, 0x00000000a9000000, 0x00000000aa000000|  0%| F|  |TAMS 0x00000000a9000000| PB 0x00000000a9000000| Untracked |  0
|  10|0x00000000aa000000, 0x00000000aa000000, 0x00000000ab000000|  0%| F|  |TAMS 0x00000000aa000000| PB 0x00000000aa000000| Untracked |  0
|  11|0x00000000ab000000, 0x00000000ab000000, 0x00000000ac000000|  0%| F|  |TAMS 0x00000000ab000000| PB 0x00000000ab000000| Untracked |  0
|  12|0x00000000ac000000, 0x00000000ac000000, 0x00000000ad000000|  0%| F|  |TAMS 0x00000000ac000000| PB 0x00000000ac000000| Untracked |  0
|  13|0x00000000ad000000, 0x00000000ad000000, 0x00000000ae000000|  0%| F|  |TAMS 0x00000000ad000000| PB 0x00000000ad000000| Untracked |  0
|  14|0x00000000ae000000, 0x00000000ae000000, 0x00000000af000000|  0%| F|  |TAMS 0x00000000ae000000| PB 0x00000000ae000000| Untracked |  0
|  15|0x00000000af000000, 0x00000000af000000, 0x00000000b0000000|  0%| F|  |TAMS 0x00000000af000000| PB 0x00000000af000000| Untracked |  0
|  16|0x00000000b0000000, 0x00000000b0000000, 0x00000000b1000000|  0%| F|  |TAMS 0x00000000b0000000| PB 0x00000000b0000000| Untracked |  0
|  17|0x00000000b1000000, 0x00000000b1000000, 0x00000000b2000000|  0%| F|  |TAMS 0x00000000b1000000| PB 0x00000000b1000000| Untracked |  0
|  18|0x00000000b2000000, 0x00000000b2000000, 0x00000000b3000000|  0%| F|  |TAMS 0x00000000b2000000| PB 0x00000000b2000000| Untracked |  0
|  19|0x00000000b3000000, 0x00000000b3000000, 0x00000000b4000000|  0%| F|  |TAMS 0x00000000b3000000| PB 0x00000000b3000000| Untracked |  0
|  20|0x00000000b4000000, 0x00000000b4000000, 0x00000000b5000000|  0%| F|  |TAMS 0x00000000b4000000| PB 0x00000000b4000000| Untracked |  0
|  21|0x00000000b5000000, 0x00000000b5000000, 0x00000000b6000000|  0%| F|  |TAMS 0x00000000b5000000| PB 0x00000000b5000000| Untracked |  0
|  22|0x00000000b6000000, 0x00000000b6000000, 0x00000000b7000000|  0%| F|  |TAMS 0x00000000b6000000| PB 0x00000000b6000000| Untracked |  0
|  23|0x00000000b7000000, 0x00000000b7000000, 0x00000000b8000000|  0%| F|  |TAMS 0x00000000b7000000| PB 0x00000000b7000000| Untracked |  0
|  24|0x00000000b8000000, 0x00000000b8000000, 0x00000000b9000000|  0%| F|  |TAMS 0x00000000b8000000| PB 0x00000000b8000000| Untracked |  0
|  25|0x00000000b9000000, 0x00000000b9000000, 0x00000000ba000000|  0%| F|  |TAMS 0x00000000b9000000| PB 0x00000000b9000000| Untracked |  0
|  26|0x00000000ba000000, 0x00000000ba000000, 0x00000000bb000000|  0%| F|  |TAMS 0x00000000ba000000| PB 0x00000000ba000000| Untracked |  0
|  27|0x00000000bb000000, 0x00000000bb000000, 0x00000000bc000000|  0%| F|  |TAMS 0x00000000bb000000| PB 0x00000000bb000000| Untracked |  0
|  28|0x00000000bc000000, 0x00000000bc000000, 0x00000000bd000000|  0%| F|  |TAMS 0x00000000bc000000| PB 0x00000000bc000000| Untracked |  0
|  29|0x00000000bd000000, 0x00000000bd000000, 0x00000000be000000|  0%| F|  |TAMS 0x00000000bd000000| PB 0x00000000bd000000| Untracked |  0
|  30|0x00000000be000000, 0x00000000be000000, 0x00000000bf000000|  0%| F|  |TAMS 0x00000000be000000| PB 0x00000000be000000| Untracked |  0
|  31|0x00000000bf000000, 0x00000000bf000000, 0x00000000c0000000|  0%| F|  |TAMS 0x00000000bf000000| PB 0x00000000bf000000| Untracked |  0
|  32|0x00000000c0000000, 0x00000000c0000000, 0x00000000c1000000|  0%| F|  |TAMS 0x00000000c0000000| PB 0x00000000c0000000| Untracked |  0
|  33|0x00000000c1000000, 0x00000000c1000000, 0x00000000c2000000|  0%| F|  |TAMS 0x00000000c1000000| PB 0x00000000c1000000| Untracked |  0
|  34|0x00000000c2000000, 0x00000000c2000000, 0x00000000c3000000|  0%| F|  |TAMS 0x00000000c2000000| PB 0x00000000c2000000| Untracked |  0
|  35|0x00000000c3000000, 0x00000000c3000000, 0x00000000c4000000|  0%| F|  |TAMS 0x00000000c3000000| PB 0x00000000c3000000| Untracked |  0
|  36|0x00000000c4000000, 0x00000000c4000000, 0x00000000c5000000|  0%| F|  |TAMS 0x00000000c4000000| PB 0x00000000c4000000| Untracked |  0
|  37|0x00000000c5000000, 0x00000000c5000000, 0x00000000c6000000|  0%| F|  |TAMS 0x00000000c5000000| PB 0x00000000c5000000| Untracked |  0
|  38|0x00000000c6000000, 0x00000000c6000000, 0x00000000c7000000|  0%| F|  |TAMS 0x00000000c6000000| PB 0x00000000c6000000| Untracked |  0
|  39|0x00000000c7000000, 0x00000000c7000000, 0x00000000c8000000|  0%| F|  |TAMS 0x00000000c7000000| PB 0x00000000c7000000| Untracked |  0
|  40|0x00000000c8000000, 0x00000000c8000000, 0x00000000c9000000|  0%| F|  |TAMS 0x00000000c8000000| PB 0x00000000c8000000| Untracked |  0
|  41|0x00000000c9000000, 0x00000000c9000000, 0x00000000ca000000|  0%| F|  |TAMS 0x00000000c9000000| PB 0x00000000c9000000| Untracked |  0
|  42|0x00000000ca000000, 0x00000000ca000000, 0x00000000cb000000|  0%| F|  |TAMS 0x00000000ca000000| PB 0x00000000ca000000| Untracked |  0
|  43|0x00000000cb000000, 0x00000000cb000000, 0x00000000cc000000|  0%| F|  |TAMS 0x00000000cb000000| PB 0x00000000cb000000| Untracked |  0
|  44|0x00000000cc000000, 0x00000000cc000000, 0x00000000cd000000|  0%| F|  |TAMS 0x00000000cc000000| PB 0x00000000cc000000| Untracked |  0
|  45|0x00000000cd000000, 0x00000000cd000000, 0x00000000ce000000|  0%| F|  |TAMS 0x00000000cd000000| PB 0x00000000cd000000| Untracked |  0
|  46|0x00000000ce000000, 0x00000000ce000000, 0x00000000cf000000|  0%| F|  |TAMS 0x00000000ce000000| PB 0x00000000ce000000| Untracked |  0
|  47|0x00000000cf000000, 0x00000000cf000000, 0x00000000d0000000|  0%| F|  |TAMS 0x00000000cf000000| PB 0x00000000cf000000| Untracked |  0
|  48|0x00000000d0000000, 0x00000000d0000000, 0x00000000d1000000|  0%| F|  |TAMS 0x00000000d0000000| PB 0x00000000d0000000| Untracked |  0
|  49|0x00000000d1000000, 0x00000000d1000000, 0x00000000d2000000|  0%| F|  |TAMS 0x00000000d1000000| PB 0x00000000d1000000| Untracked |  0
|  50|0x00000000d2000000, 0x00000000d2000000, 0x00000000d3000000|  0%| F|  |TAMS 0x00000000d2000000| PB 0x00000000d2000000| Untracked |  0
|  51|0x00000000d3000000, 0x00000000d3000000, 0x00000000d4000000|  0%| F|  |TAMS 0x00000000d3000000| PB 0x00000000d3000000| Untracked |  0
|  52|0x00000000d4000000, 0x00000000d4000000, 0x00000000d5000000|  0%| F|  |TAMS 0x00000000d4000000| PB 0x00000000d4000000| Untracked |  0
|  53|0x00000000d5000000, 0x00000000d5000000, 0x00000000d6000000|  0%| F|  |TAMS 0x00000000d5000000| PB 0x00000000d5000000| Untracked |  0
|  54|0x00000000d6000000, 0x00000000d6000000, 0x00000000d7000000|  0%| F|  |TAMS 0x00000000d6000000| PB 0x00000000d6000000| Untracked |  0
|  55|0x00000000d7000000, 0x00000000d7000000, 0x00000000d8000000|  0%| F|  |TAMS 0x00000000d7000000| PB 0x00000000d7000000| Untracked |  0
|  56|0x00000000d8000000, 0x00000000d8000000, 0x00000000d9000000|  0%| F|  |TAMS 0x00000000d8000000| PB 0x00000000d8000000| Untracked |  0
|  57|0x00000000d9000000, 0x00000000d9000000, 0x00000000da000000|  0%| F|  |TAMS 0x00000000d9000000| PB 0x00000000d9000000| Untracked |  0
|  58|0x00000000da000000, 0x00000000da000000, 0x00000000db000000|  0%| F|  |TAMS 0x00000000da000000| PB 0x00000000da000000| Untracked |  0
|  59|0x00000000db000000, 0x00000000db000000, 0x00000000dc000000|  0%| F|  |TAMS 0x00000000db000000| PB 0x00000000db000000| Untracked |  0
|  60|0x00000000dc000000, 0x00000000dc000000, 0x00000000dd000000|  0%| F|  |TAMS 0x00000000dc000000| PB 0x00000000dc000000| Untracked |  0
|  61|0x00000000dd000000, 0x00000000dd000000, 0x00000000de000000|  0%| F|  |TAMS 0x00000000dd000000| PB 0x00000000dd000000| Untracked |  0
|  62|0x00000000de000000, 0x00000000de000000, 0x00000000df000000|  0%| F|  |TAMS 0x00000000de000000| PB 0x00000000de000000| Untracked |  0
|  63|0x00000000df000000, 0x00000000df000000, 0x00000000e0000000|  0%| F|  |TAMS 0x00000000df000000| PB 0x00000000df000000| Untracked |  0
|  64|0x00000000e0000000, 0x00000000e0000000, 0x00000000e1000000|  0%| F|  |TAMS 0x00000000e0000000| PB 0x00000000e0000000| Untracked |  0
|  65|0x00000000e1000000, 0x00000000e1000000, 0x00000000e2000000|  0%| F|  |TAMS 0x00000000e1000000| PB 0x00000000e1000000| Untracked |  0
|  66|0x00000000e2000000, 0x00000000e2000000, 0x00000000e3000000|  0%| F|  |TAMS 0x00000000e2000000| PB 0x00000000e2000000| Untracked |  0
|  67|0x00000000e3000000, 0x00000000e3000000, 0x00000000e4000000|  0%| F|  |TAMS 0x00000000e3000000| PB 0x00000000e3000000| Untracked |  0
|  68|0x00000000e4000000, 0x00000000e4000000, 0x00000000e5000000|  0%| F|  |TAMS 0x00000000e4000000| PB 0x00000000e4000000| Untracked |  0
|  69|0x00000000e5000000, 0x00000000e5000000, 0x00000000e6000000|  0%| F|  |TAMS 0x00000000e5000000| PB 0x00000000e5000000| Untracked |  0
|  70|0x00000000e6000000, 0x00000000e6000000, 0x00000000e7000000|  0%| F|  |TAMS 0x00000000e6000000| PB 0x00000000e6000000| Untracked |  0
|  71|0x00000000e7000000, 0x00000000e7000000, 0x00000000e8000000|  0%| F|  |TAMS 0x00000000e7000000| PB 0x00000000e7000000| Untracked |  0
|  72|0x00000000e8000000, 0x00000000e8000000, 0x00000000e9000000|  0%| F|  |TAMS 0x00000000e8000000| PB 0x00000000e8000000| Untracked |  0
|  73|0x00000000e9000000, 0x00000000e9000000, 0x00000000ea000000|  0%| F|  |TAMS 0x00000000e9000000| PB 0x00000000e9000000| Untracked |  0
|  74|0x00000000ea000000, 0x00000000ea000000, 0x00000000eb000000|  0%| F|  |TAMS 0x00000000ea000000| PB 0x00000000ea000000| Untracked |  0
|  75|0x00000000eb000000, 0x00000000eb000000, 0x00000000ec000000|  0%| F|  |TAMS 0x00000000eb000000| PB 0x00000000eb000000| Untracked |  0
|  76|0x00000000ec000000, 0x00000000ec000000, 0x00000000ed000000|  0%| F|  |TAMS 0x00000000ec000000| PB 0x00000000ec000000| Untracked |  0
|  77|0x00000000ed000000, 0x00000000ed000000, 0x00000000ee000000|  0%| F|  |TAMS 0x00000000ed000000| PB 0x00000000ed000000| Untracked |  0
|  78|0x00000000ee000000, 0x00000000ee000000, 0x00000000ef000000|  0%| F|  |TAMS 0x00000000ee000000| PB 0x00000000ee000000| Untracked |  0
|  79|0x00000000ef000000, 0x00000000ef000000, 0x00000000f0000000|  0%| F|  |TAMS 0x00000000ef000000| PB 0x00000000ef000000| Untracked |  0
|  80|0x00000000f0000000, 0x00000000f0000000, 0x00000000f1000000|  0%| F|  |TAMS 0x00000000f0000000| PB 0x00000000f0000000| Untracked |  0
|  81|0x00000000f1000000, 0x00000000f1000000, 0x00000000f2000000|  0%| F|  |TAMS 0x00000000f1000000| PB 0x00000000f1000000| Untracked |  0
|  82|0x00000000f2000000, 0x00000000f2000000, 0x00000000f3000000|  0%| F|  |TAMS 0x00000000f2000000| PB 0x00000000f2000000| Untracked |  0
|  83|0x00000000f3000000, 0x00000000f3000000, 0x00000000f4000000|  0%| F|  |TAMS 0x00000000f3000000| PB 0x00000000f3000000| Untracked |  0
|  84|0x00000000f4000000, 0x00000000f4000000, 0x00000000f5000000|  0%| F|  |TAMS 0x00000000f4000000| PB 0x00000000f4000000| Untracked |  0
|  85|0x00000000f5000000, 0x00000000f5000000, 0x00000000f6000000|  0%| F|  |TAMS 0x00000000f5000000| PB 0x00000000f5000000| Untracked |  0
|  86|0x00000000f6000000, 0x00000000f6000000, 0x00000000f7000000|  0%| F|  |TAMS 0x00000000f6000000| PB 0x00000000f6000000| Untracked |  0
|  87|0x00000000f7000000, 0x00000000f7000000, 0x00000000f8000000|  0%| F|  |TAMS 0x00000000f7000000| PB 0x00000000f7000000| Untracked |  0
|  88|0x00000000f8000000, 0x00000000f8000000, 0x00000000f9000000|  0%| F|  |TAMS 0x00000000f8000000| PB 0x00000000f8000000| Untracked |  0
|  89|0x00000000f9000000, 0x00000000f9000000, 0x00000000fa000000|  0%| F|  |TAMS 0x00000000f9000000| PB 0x00000000f9000000| Untracked |  0
|  90|0x00000000fa000000, 0x00000000fa000000, 0x00000000fb000000|  0%| F|  |TAMS 0x00000000fa000000| PB 0x00000000fa000000| Untracked |  0
|  91|0x00000000fb000000, 0x00000000fb000000, 0x00000000fc000000|  0%| F|  |TAMS 0x00000000fb000000| PB 0x00000000fb000000| Untracked |  0
|  92|0x00000000fc000000, 0x00000000fc000000, 0x00000000fd000000|  0%| F|  |TAMS 0x00000000fc000000| PB 0x00000000fc000000| Untracked |  0
|  93|0x00000000fd000000, 0x00000000fd000000, 0x00000000fe000000|  0%| F|  |TAMS 0x00000000fd000000| PB 0x00000000fd000000| Untracked |  0
|  94|0x00000000fe000000, 0x00000000fe000000, 0x00000000ff000000|  0%| F|  |TAMS 0x00000000fe000000| PB 0x00000000fe000000| Untracked |  0
|  95|0x00000000ff000000, 0x00000000ff000000, 0x0000000100000000|  0%| F|  |TAMS 0x00000000ff000000| PB 0x00000000ff000000| Untracked |  0
|  96|0x0000000100000000, 0x0000000100000000, 0x0000000101000000|  0%| F|  |TAMS 0x0000000100000000| PB 0x0000000100000000| Untracked |  0
|  97|0x0000000101000000, 0x0000000101000000, 0x0000000102000000|  0%| F|  |TAMS 0x0000000101000000| PB 0x0000000101000000| Untracked |  0
|  98|0x0000000102000000, 0x0000000102000000, 0x0000000103000000|  0%| F|  |TAMS 0x0000000102000000| PB 0x0000000102000000| Untracked |  0
|  99|0x0000000103000000, 0x0000000103000000, 0x0000000104000000|  0%| F|  |TAMS 0x0000000103000000| PB 0x0000000103000000| Untracked |  0
| 100|0x0000000104000000, 0x0000000104000000, 0x0000000105000000|  0%| F|  |TAMS 0x0000000104000000| PB 0x0000000104000000| Untracked |  0
| 101|0x0000000105000000, 0x0000000105000000, 0x0000000106000000|  0%| F|  |TAMS 0x0000000105000000| PB 0x0000000105000000| Untracked |  0
| 102|0x0000000106000000, 0x0000000106000000, 0x0000000107000000|  0%| F|  |TAMS 0x0000000106000000| PB 0x0000000106000000| Untracked |  0
| 103|0x0000000107000000, 0x0000000107000000, 0x0000000108000000|  0%| F|  |TAMS 0x0000000107000000| PB 0x0000000107000000| Untracked |  0
| 104|0x0000000108000000, 0x0000000108000000, 0x0000000109000000|  0%| F|  |TAMS 0x0000000108000000| PB 0x0000000108000000| Untracked |  0
| 105|0x0000000109000000, 0x0000000109000000, 0x000000010a000000|  0%| F|  |TAMS 0x0000000109000000| PB 0x0000000109000000| Untracked |  0
| 106|0x000000010a000000, 0x000000010a000000, 0x000000010b000000|  0%| F|  |TAMS 0x000000010a000000| PB 0x000000010a000000| Untracked |  0
| 107|0x000000010b000000, 0x000000010b000000, 0x000000010c000000|  0%| F|  |TAMS 0x000000010b000000| PB 0x000000010b000000| Untracked |  0
| 108|0x000000010c000000, 0x000000010c000000, 0x000000010d000000|  0%| F|  |TAMS 0x000000010c000000| PB 0x000000010c000000| Untracked |  0
| 109|0x000000010d000000, 0x000000010d000000, 0x000000010e000000|  0%| F|  |TAMS 0x000000010d000000| PB 0x000000010d000000| Untracked |  0
| 110|0x000000010e000000, 0x000000010e000000, 0x000000010f000000|  0%| F|  |TAMS 0x000000010e000000| PB 0x000000010e000000| Untracked |  0
| 111|0x000000010f000000, 0x000000010f000000, 0x0000000110000000|  0%| F|  |TAMS 0x000000010f000000| PB 0x000000010f000000| Untracked |  0
| 112|0x0000000110000000, 0x0000000110000000, 0x0000000111000000|  0%| F|  |TAMS 0x0000000110000000| PB 0x0000000110000000| Untracked |  0
| 113|0x0000000111000000, 0x0000000111000000, 0x0000000112000000|  0%| F|  |TAMS 0x0000000111000000| PB 0x0000000111000000| Untracked |  0
| 114|0x0000000112000000, 0x0000000112000000, 0x0000000113000000|  0%| F|  |TAMS 0x0000000112000000| PB 0x0000000112000000| Untracked |  0
| 115|0x0000000113000000, 0x0000000113000000, 0x0000000114000000|  0%| F|  |TAMS 0x0000000113000000| PB 0x0000000113000000| Untracked |  0
| 116|0x0000000114000000, 0x0000000114000000, 0x0000000115000000|  0%| F|  |TAMS 0x0000000114000000| PB 0x0000000114000000| Untracked |  0
| 117|0x0000000115000000, 0x0000000115000000, 0x0000000116000000|  0%| F|  |TAMS 0x0000000115000000| PB 0x0000000115000000| Untracked |  0
| 118|0x0000000116000000, 0x0000000116000000, 0x0000000117000000|  0%| F|  |TAMS 0x0000000116000000| PB 0x0000000116000000| Untracked |  0
| 119|0x0000000117000000, 0x0000000117000000, 0x0000000118000000|  0%| F|  |TAMS 0x0000000117000000| PB 0x0000000117000000| Untracked |  0
| 120|0x0000000118000000, 0x0000000118000000, 0x0000000119000000|  0%| F|  |TAMS 0x0000000118000000| PB 0x0000000118000000| Untracked |  0
| 121|0x0000000119000000, 0x0000000119000000, 0x000000011a000000|  0%| F|  |TAMS 0x0000000119000000| PB 0x0000000119000000| Untracked |  0
| 122|0x000000011a000000, 0x000000011a000000, 0x000000011b000000|  0%| F|  |TAMS 0x000000011a000000| PB 0x000000011a000000| Untracked |  0
| 123|0x000000011b000000, 0x000000011b000000, 0x000000011c000000|  0%| F|  |TAMS 0x000000011b000000| PB 0x000000011b000000| Untracked |  0
| 124|0x000000011c000000, 0x000000011c000000, 0x000000011d000000|  0%| F|  |TAMS 0x000000011c000000| PB 0x000000011c000000| Untracked |  0
| 125|0x000000011d000000, 0x000000011d000000, 0x000000011e000000|  0%| F|  |TAMS 0x000000011d000000| PB 0x000000011d000000| Untracked |  0
| 126|0x000000011e000000, 0x000000011ef6c620, 0x000000011f000000| 96%| E|  |TAMS 0x000000011e000000| PB 0x000000011e000000| Complete |  0
| 127|0x000000011f000000, 0x0000000120000000, 0x0000000120000000|100%| E|CS|TAMS 0x000000011f000000| PB 0x000000011f000000| Complete |  0

Card table byte_map: [0x0000018971310000,0x0000018974e10000] _byte_map_base: 0x0000018970e10000

Marking Bits: (CMBitMap*) 0x00000189550a3970
 Bits: [0x0000018900000000, 0x000001891d800000)

Polling page: 0x0000018952ab0000

Metaspace:

Usage:
  Non-class:      4.95 MB used.
      Class:    831.20 KB used.
       Both:      5.76 MB used.

Virtual space:
  Non-class space:       64.00 MB reserved,       5.06 MB (  8%) committed,  1 nodes.
      Class space:        1.00 GB reserved,     896.00 KB ( <1%) committed,  1 nodes.
             Both:        1.06 GB reserved,       5.94 MB ( <1%) committed. 

Chunk freelists:
   Non-Class:  10.23 MB
       Class:  14.97 MB
        Both:  25.20 MB

MaxMetaspaceSize: unlimited
CompressedClassSpaceSize: 1.00 GB
Initial GC threshold: 21.00 MB
Current GC threshold: 21.00 MB
CDS: on
 - commit_granule_bytes: 65536.
 - commit_granule_words: 8192.
 - virtual_space_node_default_size: 8388608.
 - enlarge_chunks_in_place: 1.
 - use_allocation_guard: 0.


Internal statistics:

num_allocs_failed_limit: 0.
num_arena_births: 88.
num_arena_deaths: 0.
num_vsnodes_births: 2.
num_vsnodes_deaths: 0.
num_space_committed: 95.
num_space_uncommitted: 0.
num_chunks_returned_to_freelist: 0.
num_chunks_taken_from_freelist: 192.
num_chunk_merges: 0.
num_chunk_splits: 132.
num_chunks_enlarged: 96.
num_inconsistent_stats: 0.

CodeHeap 'non-profiled nmethods': size=119232Kb used=425Kb max_used=425Kb free=118806Kb
 bounds [0x00000189652c0000, 0x0000018965530000, 0x000001896c730000]
CodeHeap 'profiled nmethods': size=119104Kb used=1719Kb max_used=1719Kb free=117384Kb
 bounds [0x000001895d730000, 0x000001895d9a0000, 0x0000018964b80000]
CodeHeap 'non-nmethods': size=7424Kb used=3097Kb max_used=3124Kb free=4326Kb
 bounds [0x0000018964b80000, 0x0000018964ea0000, 0x00000189652c0000]
CodeCache: size=245760Kb, used=5241Kb, max_used=5268Kb, free=240516Kb
 total_blobs=1799, nmethods=1283, adapters=419, full_count=0
Compilation: enabled, stopped_count=0, restarted_count=0

Compilation events (20 events):
Event: 1.009 Thread 0x000001897838ea20 1268       3       java.util.ImmutableCollections$ListItr::hasNext (17 bytes)
Event: 1.010 Thread 0x000001897838ea20 nmethod 1268 0x000001895d8da308 code [0x000001895d8da420, 0x000001895d8da580]
Event: 1.010 Thread 0x00000189784a7580 1273       3       java.lang.invoke.InvokerBytecodeGenerator::emitLoadInsn (21 bytes)
Event: 1.010 Thread 0x000001897838ea20 1274       3       java.lang.invoke.InvokerBytecodeGenerator::loadInsnOpcode (98 bytes)
Event: 1.011 Thread 0x00000189784a1480 1275       3       java.lang.invoke.DirectMethodHandle::internalMemberName (8 bytes)
Event: 1.011 Thread 0x00000189784a7580 nmethod 1273 0x000001895d8da608 code [0x000001895d8da740, 0x000001895d8da9a0]
Event: 1.011 Thread 0x00000189784a4580 1276       3       java.lang.invoke.LambdaForm$Name::isParam (13 bytes)
Event: 1.011 Thread 0x00000189784a7580 1277       3       jdk.internal.org.objectweb.asm.ByteVector::enlarge (73 bytes)
Event: 1.011 Thread 0x00000189784a1480 nmethod 1275 0x000001895d8daa08 code [0x000001895d8dab20, 0x000001895d8dacf0]
Event: 1.011 Thread 0x00000189784a1480 1278       3       java.lang.invoke.InvokerBytecodeGenerator::emitPushArgument (150 bytes)
Event: 1.011 Thread 0x00000189784a4580 nmethod 1276 0x000001895d8dad08 code [0x000001895d8dae20, 0x000001895d8daf80]
Event: 1.011 Thread 0x00000189784a7580 nmethod 1277 0x000001895d8db008 code [0x000001895d8db160, 0x000001895d8db580]
Event: 1.011 Thread 0x000001897838ea20 nmethod 1274 0x000001895d8db608 code [0x000001895d8db800, 0x000001895d8dc188]
Event: 1.011 Thread 0x00000189c4880ff0 1281       4       java.lang.StringBuilder::append (8 bytes)
Event: 1.011 Thread 0x00000189784a7580 1282       3       jdk.internal.org.objectweb.asm.Label::resolve (259 bytes)
Event: 1.011 Thread 0x00000189784a1480 nmethod 1278 0x000001895d8dc208 code [0x000001895d8dc460, 0x000001895d8dd168]
Event: 1.011 Thread 0x000001897838ea20 1283       3       jdk.internal.org.objectweb.asm.ByteVector::put11 (52 bytes)
Event: 1.011 Thread 0x00000189784a7580 nmethod 1282 0x000001895d8dd208 code [0x000001895d8dd380, 0x000001895d8dd918]
Event: 1.011 Thread 0x000001897838ea20 nmethod 1283 0x000001895d8dd988 code [0x000001895d8ddac0, 0x000001895d8ddcd0]
Event: 1.016 Thread 0x00000189c4880ff0 nmethod 1281 0x0000018965329b88 code [0x0000018965329ce0, 0x000001896532a520]

GC Heap History (0 events):
No events

Dll operation events (13 events):
Event: 0.008 Loaded shared library C:\Users\Yuriy\.jdks\openjdk-23.0.2\bin\java.dll
Event: 0.040 Loaded shared library C:\Users\Yuriy\.jdks\openjdk-23.0.2\bin\jsvml.dll
Event: 0.093 Loaded shared library C:\Users\Yuriy\.jdks\openjdk-23.0.2\bin\zip.dll
Event: 0.096 Loaded shared library C:\Users\Yuriy\.jdks\openjdk-23.0.2\bin\instrument.dll
Event: 0.099 Loaded shared library C:\Users\Yuriy\.jdks\openjdk-23.0.2\bin\net.dll
Event: 0.100 Loaded shared library C:\Users\Yuriy\.jdks\openjdk-23.0.2\bin\nio.dll
Event: 0.105 Loaded shared library C:\Users\Yuriy\.jdks\openjdk-23.0.2\bin\zip.dll
Event: 0.147 Loaded shared library C:\Program Files\JetBrains\IntelliJ IDEA Community Edition 2024.3.1.1\bin\breakgen64.dll
Event: 0.154 Loaded shared library C:\Users\Yuriy\.jdks\openjdk-23.0.2\bin\extnet.dll
Event: 0.163 Loaded shared library C:\Users\Yuriy\.jdks\openjdk-23.0.2\bin\jimage.dll
Event: 0.242 Loaded shared library C:\Users\Yuriy\AppData\Local\Temp\Aparapi1610696929332580064\libgcc_s_seh-1.dll
Event: 0.660 Loaded shared library C:\Users\Yuriy\AppData\Local\Temp\Aparapi8191334799674153643\libstdc++-6.dll
Event: 0.726 Loaded shared library C:\Users\Yuriy\AppData\Local\Temp\Aparapi7454099539276391989\libaparapi.dll

Deoptimization events (20 events):
Event: 0.899 Thread 0x0000018954fff9a0 Uncommon trap: trap_request=0xffffffde fr.pc=0x0000018965308430 relative=0x0000000000000930
Event: 0.899 Thread 0x0000018954fff9a0 Uncommon trap: reason=class_check action=maybe_recompile pc=0x0000018965308430 method=java.io.DataInputStream.readFully([BII)V @ 30 c2
Event: 0.899 Thread 0x0000018954fff9a0 DEOPT PACKING pc=0x0000018965308430 sp=0x0000002f09dfe3a0
Event: 0.899 Thread 0x0000018954fff9a0 DEOPT UNPACKING pc=0x0000018964bd4402 sp=0x0000002f09dfe3a8 mode 2
Event: 0.915 Thread 0x0000018954fff9a0 Uncommon trap: trap_request=0xffffff45 fr.pc=0x00000189652f4694 relative=0x0000000000000534
Event: 0.915 Thread 0x0000018954fff9a0 Uncommon trap: reason=unstable_if action=reinterpret pc=0x00000189652f4694 method=java.lang.AbstractStringBuilder.inflateIfNeededFor(Ljava/lang/String;)V @ 14 c2
Event: 0.915 Thread 0x0000018954fff9a0 DEOPT PACKING pc=0x00000189652f4694 sp=0x0000002f09dfe760
Event: 0.915 Thread 0x0000018954fff9a0 DEOPT UNPACKING pc=0x0000018964bd4402 sp=0x0000002f09dfe610 mode 2
Event: 0.915 Thread 0x0000018954fff9a0 Uncommon trap: trap_request=0xffffff45 fr.pc=0x00000189653058fc relative=0x000000000000051c
Event: 0.915 Thread 0x0000018954fff9a0 Uncommon trap: reason=unstable_if action=reinterpret pc=0x00000189653058fc method=java.lang.AbstractStringBuilder.inflateIfNeededFor(Ljava/lang/String;)V @ 14 c2
Event: 0.915 Thread 0x0000018954fff9a0 DEOPT PACKING pc=0x00000189653058fc sp=0x0000002f09dfe580
Event: 0.915 Thread 0x0000018954fff9a0 DEOPT UNPACKING pc=0x0000018964bd4402 sp=0x0000002f09dfe488 mode 2
Event: 0.915 Thread 0x0000018954fff9a0 Uncommon trap: trap_request=0xffffff45 fr.pc=0x00000189652f3500 relative=0x00000000000000e0
Event: 0.915 Thread 0x0000018954fff9a0 Uncommon trap: reason=unstable_if action=reinterpret pc=0x00000189652f3500 method=java.lang.String.getBytes([BIB)V @ 5 c2
Event: 0.915 Thread 0x0000018954fff9a0 DEOPT PACKING pc=0x00000189652f3500 sp=0x0000002f09dfe4b0
Event: 0.915 Thread 0x0000018954fff9a0 DEOPT UNPACKING pc=0x0000018964bd4402 sp=0x0000002f09dfe478 mode 2
Event: 0.971 Thread 0x0000018954fff9a0 DEOPT PACKING pc=0x000001895d7849bf sp=0x0000002f09dfd250
Event: 0.971 Thread 0x0000018954fff9a0 DEOPT UNPACKING pc=0x0000018964bd4b22 sp=0x0000002f09dfc6c8 mode 0
Event: 0.999 Thread 0x0000018954fff9a0 DEOPT PACKING pc=0x000001895d7da7f9 sp=0x0000002f09dfd450
Event: 0.999 Thread 0x0000018954fff9a0 DEOPT UNPACKING pc=0x0000018964bd4b22 sp=0x0000002f09dfc958 mode 0

Classes loaded (20 events):
Event: 0.952 Loading class jdk/internal/classfile/impl/StackMapDecoder
Event: 0.952 Loading class jdk/internal/classfile/impl/StackMapDecoder done
Event: 0.952 Loading class java/lang/classfile/attribute/StackMapFrameInfo$SimpleVerificationTypeInfo
Event: 0.952 Loading class java/lang/classfile/attribute/StackMapFrameInfo$SimpleVerificationTypeInfo done
Event: 0.952 Loading class java/lang/classfile/attribute/StackMapFrameInfo$UninitializedVerificationTypeInfo
Event: 0.952 Loading class java/lang/classfile/attribute/StackMapFrameInfo$UninitializedVerificationTypeInfo done
Event: 0.952 Loading class jdk/internal/classfile/impl/TemporaryConstantPool
Event: 0.953 Loading class jdk/internal/classfile/impl/TemporaryConstantPool done
Event: 0.953 Loading class java/lang/reflect/Proxy$ProxyBuilder$1
Event: 0.953 Loading class java/lang/reflect/Proxy$ProxyBuilder$1 done
Event: 0.954 Loading class java/lang/annotation/Target
Event: 0.954 Loading class java/lang/annotation/Target done
Event: 0.957 Loading class jdk/internal/vm/annotation/IntrinsicCandidate
Event: 0.957 Loading class jdk/internal/vm/annotation/IntrinsicCandidate done
Event: 0.961 Loading class java/lang/SecurityException
Event: 0.961 Loading class java/lang/SecurityException done
Event: 1.009 Loading class sun/invoke/util/ValueConversions$1
Event: 1.009 Loading class sun/invoke/util/ValueConversions$1 done
Event: 1.009 Loading class java/lang/invoke/BoundMethodHandle$Species_LI
Event: 1.009 Loading class java/lang/invoke/BoundMethodHandle$Species_LI done

Classes unloaded (0 events):
No events

Classes redefined (0 events):
No events

Internal exceptions (12 events):
Event: 0.144 Thread 0x0000018954fff9a0 Exception <a 'java/lang/NoSuchMethodError'{0x000000011fd6a528}: 'java.lang.Object java.lang.invoke.Invokers$Holder.invokeExact_MT(java.lang.Object, java.lang.Object, java.lang.Object, java.lang.Object, java.lang.Object)'> (0x000000011fd6a528) 
thrown [s\open\src\hotspot\share\interpreter\linkResolver.cpp, line 796]
Event: 0.156 Thread 0x00000189786e68e0 Exception <a 'java/lang/NoSuchMethodError'{0x000000011e008e28}: 'void java.lang.invoke.DirectMethodHandle$Holder.invokeStatic(java.lang.Object, java.lang.Object)'> (0x000000011e008e28) 
thrown [s\open\src\hotspot\share\interpreter\linkResolver.cpp, line 796]
Event: 0.199 Thread 0x0000018954fff9a0 Exception <a 'java/lang/NoSuchMethodError'{0x000000011e25e628}: 'java.lang.Object java.lang.invoke.DirectMethodHandle$Holder.invokeStaticInit(java.lang.Object, int, int, int, int)'> (0x000000011e25e628) 
thrown [s\open\src\hotspot\share\interpreter\linkResolver.cpp, line 796]
Event: 0.212 Thread 0x0000018954fff9a0 Exception <a 'java/lang/NoSuchMethodError'{0x000000011e285e30}: 'java.lang.Object java.lang.invoke.DirectMethodHandle$Holder.invokeStaticInit(java.lang.Object, java.lang.Object, int, int, int, int)'> (0x000000011e285e30) 
thrown [s\open\src\hotspot\share\interpreter\linkResolver.cpp, line 796]
Event: 0.795 Thread 0x0000018954fff9a0 Exception <a 'java/lang/NoSuchMethodError'{0x000000011e3db048}: 'int java.lang.invoke.DirectMethodHandle$Holder.invokeStaticInit(java.lang.Object, java.lang.Object, java.lang.Object)'> (0x000000011e3db048) 
thrown [s\open\src\hotspot\share\interpreter\linkResolver.cpp, line 796]
Event: 0.905 Thread 0x0000018954fff9a0 Exception <a 'java/lang/NoSuchMethodError'{0x000000011ea5d1b0}: 'void java.lang.invoke.DirectMethodHandle$Holder.invokeSpecial(java.lang.Object, java.lang.Object, java.lang.Object)'> (0x000000011ea5d1b0) 
thrown [s\open\src\hotspot\share\interpreter\linkResolver.cpp, line 796]
Event: 0.913 Thread 0x0000018954fff9a0 Exception <a 'java/lang/ClassNotFoundException'{0x000000011ea9d118}: sun/util/logging/resources/spi/loggingProvider> (0x000000011ea9d118) 
thrown [s\open\src\hotspot\share\classfile\systemDictionary.cpp, line 313]
Event: 0.947 Thread 0x0000018954fff9a0 Exception <a 'java/lang/NoSuchMethodError'{0x000000011ebb33d0}: 'void java.lang.invoke.DirectMethodHandle$Holder.invokeStatic(java.lang.Object, int, java.lang.Object)'> (0x000000011ebb33d0) 
thrown [s\open\src\hotspot\share\interpreter\linkResolver.cpp, line 796]
Event: 1.008 Thread 0x0000018954fff9a0 Exception <a 'java/lang/NoSuchMethodError'{0x000000011ee45838}: 'java.lang.Object java.lang.invoke.DirectMethodHandle$Holder.newInvokeSpecial(java.lang.Object, java.lang.Object, java.lang.Object, int)'> (0x000000011ee45838) 
thrown [s\open\src\hotspot\share\interpreter\linkResolver.cpp, line 796]
Event: 1.010 Thread 0x0000018954fff9a0 Exception <a 'java/lang/NoSuchMethodError'{0x000000011ee58ae0}: 'java.lang.Object java.lang.invoke.DirectMethodHandle$Holder.invokeStatic(java.lang.Object, java.lang.Object, java.lang.Object, java.lang.Object, int)'> (0x000000011ee58ae0) 
thrown [s\open\src\hotspot\share\interpreter\linkResolver.cpp, line 796]
Event: 1.010 Thread 0x0000018954fff9a0 Exception <a 'java/lang/NoSuchMethodError'{0x000000011ee60978}: 'java.lang.Object java.lang.invoke.DirectMethodHandle$Holder.invokeSpecial(java.lang.Object, java.lang.Object, java.lang.Object, java.lang.Object, int)'> (0x000000011ee60978) 
thrown [s\open\src\hotspot\share\interpreter\linkResolver.cpp, line 796]
Event: 1.011 Thread 0x0000018954fff9a0 Exception <a 'java/lang/NoSuchMethodError'{0x000000011ee6b5f0}: 'int java.lang.invoke.DirectMethodHandle$Holder.invokeSpecial(java.lang.Object, java.lang.Object, java.lang.Object)'> (0x000000011ee6b5f0) 
thrown [s\open\src\hotspot\share\interpreter\linkResolver.cpp, line 796]

VM Operations (12 events):
Event: 0.081 Executing VM operation: HandshakeAllThreads (Deoptimize)
Event: 0.081 Executing VM operation: HandshakeAllThreads (Deoptimize) done
Event: 0.218 Executing VM operation: HandshakeAllThreads (Deoptimize)
Event: 0.218 Executing VM operation: HandshakeAllThreads (Deoptimize) done
Event: 0.780 Executing VM operation: HandshakeAllThreads (Deoptimize)
Event: 0.780 Executing VM operation: HandshakeAllThreads (Deoptimize) done
Event: 0.803 Executing VM operation: HandshakeAllThreads (Deoptimize)
Event: 0.803 Executing VM operation: HandshakeAllThreads (Deoptimize) done
Event: 0.807 Executing VM operation: HandshakeAllThreads (Deoptimize)
Event: 0.807 Executing VM operation: HandshakeAllThreads (Deoptimize) done
Event: 0.847 Executing VM operation: HandshakeAllThreads (Deoptimize)
Event: 0.847 Executing VM operation: HandshakeAllThreads (Deoptimize) done

Memory protections (0 events):
No events

Nmethod flushes (0 events):
No events

Events (20 events):
Event: 0.028 Thread 0x0000018954fff9a0 Thread added: 0x0000018954fff9a0
Event: 0.038 Thread 0x0000018954fff9a0 Thread added: 0x0000018978375190
Event: 0.038 Thread 0x0000018954fff9a0 Thread added: 0x0000018978375ac0
Event: 0.038 Thread 0x0000018954fff9a0 Thread added: 0x0000018978376290
Event: 0.038 Thread 0x0000018954fff9a0 Thread added: 0x0000018978376b80
Event: 0.038 Thread 0x0000018954fff9a0 Thread added: 0x00000189783771f0
Event: 0.038 Thread 0x0000018954fff9a0 Thread added: 0x000001897837fc90
Event: 0.039 Thread 0x0000018954fff9a0 Thread added: 0x000001897838db50
Event: 0.039 Thread 0x0000018954fff9a0 Thread added: 0x000001897838ea20
Event: 0.076 Thread 0x0000018954fff9a0 Thread added: 0x00000189784944f0
Event: 0.083 Thread 0x000001897838ea20 Thread added: 0x00000189784a1480
Event: 0.084 Thread 0x00000189784a1480 Thread added: 0x00000189784a4580
Event: 0.085 Thread 0x00000189784a1480 Thread added: 0x00000189784a7580
Event: 0.089 Thread 0x00000189784a1480 Thread added: 0x00000189784eacb0
Event: 0.147 Thread 0x0000018954fff9a0 Thread added: 0x00000189786e68e0
Event: 0.148 Thread 0x0000018954fff9a0 Thread added: 0x000001897870a410
Event: 0.661 Thread 0x00000189784eacb0 Thread exited: 0x00000189784eacb0
Event: 0.807 Thread 0x000001897838db50 Thread added: 0x0000018978c90260
Event: 0.882 Thread 0x00000189784a4580 Thread added: 0x00000189c4880ff0
Event: 0.883 Thread 0x00000189784a4580 Thread added: 0x00000189c492fad0


Dynamic libraries:
0x00007ff68d7a0000 - 0x00007ff68d7ae000 	C:\Users\Yuriy\.jdks\openjdk-23.0.2\bin\java.exe
0x00007ffcaca90000 - 0x00007ffcacc88000 	C:\Windows\SYSTEM32\ntdll.dll
0x00007ffc802f0000 - 0x00007ffc8030a000 	C:\Program Files\Avast Software\Avast\aswhook.dll
0x00007ffcaafa0000 - 0x00007ffcab062000 	C:\Windows\System32\KERNEL32.DLL
0x00007ffcaa640000 - 0x00007ffcaa93f000 	C:\Windows\System32\KERNELBASE.dll
0x00007ffcaa4c0000 - 0x00007ffcaa5c0000 	C:\Windows\System32\ucrtbase.dll
0x00007ffca1c70000 - 0x00007ffca1c8b000 	C:\Users\Yuriy\.jdks\openjdk-23.0.2\bin\VCRUNTIME140.dll
0x00007ffca1880000 - 0x00007ffca1897000 	C:\Users\Yuriy\.jdks\openjdk-23.0.2\bin\jli.dll
0x00007ffcac380000 - 0x00007ffcac51d000 	C:\Windows\System32\USER32.dll
0x00007ffcaa610000 - 0x00007ffcaa632000 	C:\Windows\System32\win32u.dll
0x00007ffc8a240000 - 0x00007ffc8a4da000 	C:\Windows\WinSxS\amd64_microsoft.windows.common-controls_6595b64144ccf1df_6.0.19041.4355_none_60b8b9eb71f62e16\COMCTL32.dll
0x00007ffcaca20000 - 0x00007ffcaca4b000 	C:\Windows\System32\GDI32.dll
0x00007ffcab070000 - 0x00007ffcab10e000 	C:\Windows\System32\msvcrt.dll
0x00007ffcaa130000 - 0x00007ffcaa24a000 	C:\Windows\System32\gdi32full.dll
0x00007ffcaa2c0000 - 0x00007ffcaa35d000 	C:\Windows\System32\msvcp_win.dll
0x00007ffcac580000 - 0x00007ffcac5af000 	C:\Windows\System32\IMM32.DLL
0x00007ffca67d0000 - 0x00007ffca67dc000 	C:\Users\Yuriy\.jdks\openjdk-23.0.2\bin\vcruntime140_1.dll
0x00007ffc992f0000 - 0x00007ffc9937e000 	C:\Users\Yuriy\.jdks\openjdk-23.0.2\bin\msvcp140.dll
0x00007ffc27780000 - 0x00007ffc284d0000 	C:\Users\Yuriy\.jdks\openjdk-23.0.2\bin\server\jvm.dll
0x00007ffcab170000 - 0x00007ffcab21f000 	C:\Windows\System32\ADVAPI32.dll
0x00007ffcaaf00000 - 0x00007ffcaaf9f000 	C:\Windows\System32\sechost.dll
0x00007ffcaadd0000 - 0x00007ffcaaef3000 	C:\Windows\System32\RPCRT4.dll
0x00007ffcaa940000 - 0x00007ffcaa967000 	C:\Windows\System32\bcrypt.dll
0x00007ffcab310000 - 0x00007ffcab37b000 	C:\Windows\System32\WS2_32.dll
0x00007ffca9f90000 - 0x00007ffca9fdb000 	C:\Windows\SYSTEM32\POWRPROF.dll
0x00007ffc9d6e0000 - 0x00007ffc9d707000 	C:\Windows\SYSTEM32\WINMM.dll
0x00007ffca33c0000 - 0x00007ffca33ca000 	C:\Windows\SYSTEM32\VERSION.dll
0x00007ffca9f70000 - 0x00007ffca9f82000 	C:\Windows\SYSTEM32\UMPDC.dll
0x00007ffca7fd0000 - 0x00007ffca7fe2000 	C:\Windows\SYSTEM32\kernel.appcore.dll
0x00007ffca38b0000 - 0x00007ffca38ba000 	C:\Users\Yuriy\.jdks\openjdk-23.0.2\bin\jimage.dll
0x00007ffca2140000 - 0x00007ffca2324000 	C:\Windows\SYSTEM32\DBGHELP.DLL
0x00007ffca2100000 - 0x00007ffca2134000 	C:\Windows\SYSTEM32\dbgcore.DLL
0x00007ffcaaa20000 - 0x00007ffcaaaa2000 	C:\Windows\System32\bcryptPrimitives.dll
0x00007ffca1b20000 - 0x00007ffca1b2f000 	C:\Users\Yuriy\.jdks\openjdk-23.0.2\bin\instrument.dll
0x00007ffca1750000 - 0x00007ffca176e000 	C:\Users\Yuriy\.jdks\openjdk-23.0.2\bin\java.dll
0x00007ffcac680000 - 0x00007ffcac7ab000 	C:\Windows\System32\ole32.dll
0x00007ffcac020000 - 0x00007ffcac375000 	C:\Windows\System32\combase.dll
0x00007ffcab380000 - 0x00007ffcabaed000 	C:\Windows\System32\SHELL32.dll
0x00007ffca81d0000 - 0x00007ffca8974000 	C:\Windows\SYSTEM32\windows.storage.dll
0x00007ffca9a90000 - 0x00007ffca9abb000 	C:\Windows\SYSTEM32\Wldp.dll
0x00007ffcab230000 - 0x00007ffcab2fd000 	C:\Windows\System32\OLEAUT32.dll
0x00007ffcac5b0000 - 0x00007ffcac65d000 	C:\Windows\System32\SHCORE.dll
0x00007ffcab110000 - 0x00007ffcab165000 	C:\Windows\System32\shlwapi.dll
0x00007ffcaa060000 - 0x00007ffcaa085000 	C:\Windows\SYSTEM32\profapi.dll
0x00007ffc991e0000 - 0x00007ffc992b7000 	C:\Users\Yuriy\.jdks\openjdk-23.0.2\bin\jsvml.dll
0x00007ffc991a0000 - 0x00007ffc991b7000 	C:\Users\Yuriy\.jdks\openjdk-23.0.2\bin\zip.dll
0x00007ffc99410000 - 0x00007ffc99420000 	C:\Users\Yuriy\.jdks\openjdk-23.0.2\bin\net.dll
0x00007ffca97f0000 - 0x00007ffca985c000 	C:\Windows\system32\mswsock.dll
0x00007ffc991c0000 - 0x00007ffc991d6000 	C:\Users\Yuriy\.jdks\openjdk-23.0.2\bin\nio.dll
0x00007ffc99180000 - 0x00007ffc9919a000 	C:\Program Files\JetBrains\IntelliJ IDEA Community Edition 2024.3.1.1\bin\breakgen64.dll
0x00007ffc99400000 - 0x00007ffc99409000 	C:\Users\Yuriy\.jdks\openjdk-23.0.2\bin\extnet.dll
0x00007ffca99f0000 - 0x00007ffca9a08000 	C:\Windows\SYSTEM32\CRYPTSP.dll
0x00007ffca9110000 - 0x00007ffca9148000 	C:\Windows\system32\rsaenh.dll
0x00007ffcaa020000 - 0x00007ffcaa04e000 	C:\Windows\SYSTEM32\USERENV.dll
0x00007ffca99e0000 - 0x00007ffca99ec000 	C:\Windows\SYSTEM32\CRYPTBASE.dll
0x00007ffca94d0000 - 0x00007ffca950b000 	C:\Windows\SYSTEM32\IPHLPAPI.DLL
0x00007ffcab220000 - 0x00007ffcab228000 	C:\Windows\System32\NSI.dll
0x0000000061440000 - 0x000000006156b000 	C:\Users\Yuriy\AppData\Local\Temp\Aparapi1610696929332580064\libgcc_s_seh-1.dll
0x000000006fc40000 - 0x00000000714f5000 	C:\Users\Yuriy\AppData\Local\Temp\Aparapi8191334799674153643\libstdc++-6.dll
0x0000000064500000 - 0x0000000064945000 	C:\Users\Yuriy\AppData\Local\Temp\Aparapi7454099539276391989\libaparapi.dll
0x00007ffc7e380000 - 0x00007ffc7e3f6000 	C:\Windows\SYSTEM32\OpenCL.dll
0x00007ffcaa5c0000 - 0x00007ffcaa60e000 	C:\Windows\System32\CFGMGR32.dll
0x00007ffc024f0000 - 0x00007ffc0432a000 	C:\Windows\System32\DriverStore\FileRepository\nv_dispi.inf_amd64_9d15b9aa9e1c885b\nvopencl64.dll
0x00007ffca9c20000 - 0x00007ffca9c32000 	C:\Windows\SYSTEM32\msasn1.dll
0x00007ffc98b50000 - 0x00007ffc98b81000 	C:\Windows\SYSTEM32\cryptnet.dll
0x00007ffcaa360000 - 0x00007ffcaa4bc000 	C:\Windows\System32\CRYPT32.dll
0x00007ffca3190000 - 0x00007ffca32d7000 	C:\Windows\SYSTEM32\drvstore.dll
0x00007ffca9df0000 - 0x00007ffca9e23000 	C:\Windows\SYSTEM32\devobj.dll
0x00007ffc2a8d0000 - 0x00007ffc2ae46000 	C:\Windows\SYSTEM32\nvapi64.dll
0x00007ffcabba0000 - 0x00007ffcac011000 	C:\Windows\System32\SETUPAPI.dll
0x00007ffc7ca90000 - 0x00007ffc7cb25000 	C:\Windows\System32\DriverStore\FileRepository\nv_dispi.inf_amd64_9d15b9aa9e1c885b\nvdxgdmal64.dll
0x00007ffc9fe60000 - 0x00007ffc9fe9b000 	C:\Windows\SYSTEM32\dxcore.dll
0x00007ffc00c90000 - 0x00007ffc024ec000 	C:\Windows\System32\DriverStore\FileRepository\nv_dispi.inf_amd64_9d15b9aa9e1c885b\nvptxJitCompiler64.dll
0x00007ffbfa830000 - 0x00007ffbfe9e4000 	C:\Windows\system32\DriverStore\FileRepository\nv_dispi.inf_amd64_9d15b9aa9e1c885b\nvvm64.dll

dbghelp: loaded successfully - version: 4.0.5 - missing functions: none
symbol engine: initialized successfully - sym options: 0x614 - pdb path: .;C:\Users\Yuriy\.jdks\openjdk-23.0.2\bin;C:\Windows\SYSTEM32;C:\Program Files\Avast Software\Avast;C:\Windows\WinSxS\amd64_microsoft.windows.common-controls_6595b64144ccf1df_6.0.19041.4355_none_60b8b9eb71f62e16;C:\Users\Yuriy\.jdks\openjdk-23.0.2\bin\server;C:\Program Files\JetBrains\IntelliJ IDEA Community Edition 2024.3.1.1\bin;C:\Users\Yuriy\AppData\Local\Temp\Aparapi1610696929332580064;C:\Users\Yuriy\AppData\Local\Temp\Aparapi8191334799674153643;C:\Users\Yuriy\AppData\Local\Temp\Aparapi7454099539276391989;C:\Windows\System32\DriverStore\FileRepository\nv_dispi.inf_amd64_9d15b9aa9e1c885b

VM Arguments:
jvm_args: -Dvisualvm.id=7903224607400 -javaagent:C:\Program Files\JetBrains\IntelliJ IDEA Community Edition 2024.3.1.1\lib\idea_rt.jar=58803:C:\Program Files\JetBrains\IntelliJ IDEA Community Edition 2024.3.1.1\bin -Dfile.encoding=UTF-8 -Dsun.stdout.encoding=UTF-8 -Dsun.stderr.encoding=UTF-8 
java_command: cognitionmodel.models.upright.GPUTest
java_class_path (initial): C:\Users\Yuriy\IdeaProjects\CognitionModel\out\production\CognitionModel;C:\Users\Yuriy\.m2\repository\com\guicedee\services\commons-math3\62\commons-math3-62.jar;C:\Users\Yuriy\.m2\repository\com\knuddels\jtokkit\0.6.1\jtokkit-0.6.1.jar;C:\Users\Yuriy\.m2\repository\com\googlecode\json-simple\json-simple\1.1.1\json-simple-1.1.1.jar;C:\Users\Yuriy\.m2\repository\junit\junit\4.10\junit-4.10.jar;C:\Users\Yuriy\.m2\repository\org\hamcrest\hamcrest-core\1.1\hamcrest-core-1.1.jar;C:\Users\Yuriy\.m2\repository\org\apache\commons\commons-compress\1.25.0\commons-compress-1.25.0.jar;C:\Users\Yuriy\.m2\repository\com\github\wnameless\json-flattener\0.1.5\json-flattener-0.1.5.jar;C:\Users\Yuriy\.m2\repository\com\eclipsesource\minimal-json\minimal-json\0.9.4\minimal-json-0.9.4.jar;C:\Users\Yuriy\.m2\repository\org\apache\commons\commons-lang3\3.4\commons-lang3-3.4.jar;C:\Users\Yuriy\.m2\repository\org\roaringbitmap\RoaringBitmap\0.9.44\RoaringBitmap-0.9.44.jar;C:\Users\Yuriy\.m2\repository\org\roaringbitmap\shims\0.9.44\shims-0.9.44.jar;C:\Users\Yuriy\.m2\repository\org\fusesource\jansi\example\1.18\example-1.18.jar;C:\Users\Yuriy\.m2\repository\org\fusesource\jansi\jansi\1.18\jansi-1.18.jar;C:\Users\Yuriy\.m2\repository\net\openhft\chronicle-map\3.24ea2\chronicle-map-3.24ea2.jar;C:\Users\Yuriy\.m2\repository\net\openhft\affinity\3.23.3\affinity-3.23.3.jar;C:\Users\Yuriy\.m2\repository\net\openhft\chronicle-core\2.24ea4\chronicle-core-2.24ea4.jar;C:\Users\Yuriy\.m2\repository\net\openhft\chronicle-analytics\2.24ea0\chronicle-analytics-2.24ea0.jar;C:\Users\Yuriy\.m2\repository\net\openhft\posix\2.24ea4\posix-2.24ea4.jar;C:\Users\Yuriy\.m2\repository\com\github\jnr\jnr-ffi\2.2.11\jnr-ffi-2.2.11.jar;C:\Users\Yuriy\.m2\repository\com\github\jnr\jffi\1.3.9\jffi-1.3.9.jar;C:\Users\Yuriy\.m2\repository\com\github\jnr\jffi\1.3.9\jffi-1.3.9-native.jar;C:\Users\Yuriy\.m2\repository\org\ow2\asm\asm\9.2\asm-9.2.jar;C:\Users\Yuriy\.m2\repository\org\ow2\asm\asm-commons\9.2\asm-commons-9.2.jar;C:\Users\Yuriy\.m2\repository\org\ow2\asm\asm-analysis\9.2\asm-analysis-9.2.jar;C:\Users\Yuriy\.m2\repository\org\ow2\asm\asm-tree\9.2\asm-tree-9.2.jar;C:\Users\Yuriy\.m2\repository\org\ow2\asm\asm-util\9.2\asm-util-9.2.jar;C:\Users\Yuriy\.m2\repository\com\github\jnr\jnr-a64asm\1.0.0\jnr-a64asm-1.0.0.jar;C:\Users\Yuriy\.m2\repository\com\github\jnr\jnr-x86asm\1.0.2\jnr-x86asm-1.0.2.jar;C:\Users\Yuriy\.m2\repository\com\github\jnr\jnr-constants\0.10.3\jnr-constants-0.10.3.jar;C:\Users\Yuriy\.m2\repository\net\openhft\chronicle-values\2.24ea0\chronicle-values-2.24ea0.jar;C:\Users\Yuriy\.m2\repository\net\openhft\chronicle-bytes\2.24ea0\chronicle-bytes-2.24ea0.jar;C:\Users\Yuriy\.m2\repository\com\squareup\javapoet\1.13.0\javapoet-1.13.0.jar;C:\Users\Yuriy\.m2\repository\net\openhft\chronicle-threads\2.24ea1\chronicle-threads-2.24ea1.jar;C:\Users\Yuriy\.m2\repository\org\slf4j\slf4j-api\1.7.36\slf4j-api-1.7.36.jar;C:\Users\Yuriy\.m2\repository\net\openhft\chronicle-wire\2.24ea5\chronicle-wire-2.24ea5.jar;C:\Users\Yuriy\.m2\repository\net\openhft\compiler\2.23ea0\compiler-2.23ea0.jar;C:\Users\Yuriy\.m2\repository\net\openhft\chronicle-algorithms\2.24ea0\chronicle-algorithms-2.24ea0.jar;C:\Users\Yuriy\.m2\repository\net\java\dev\jna\jna\5.5.0\jna-5.5.0.jar;C:\Users\Yuriy\.m2\repository\net\java\dev\jna\jna-platform\5.5.0\jna-platform-5.5.0.jar;C:\Users\Yuriy\.m2\repository\org\jetbrains\annotations\24.0.0\annotations-24.0.0.jar;C:\Users\Yuriy\.m2\repository\com\aparapi\aparapi\3.0.2\aparapi-3.0.2.jar;C:\Users\Yuriy\.m2\repository\com\aparapi\aparapi-jni\1.4.3\aparapi-jni-1.4.3.jar;C:\Users\Yuriy\.m2\repository\org\apache\bcel\bcel\6.5.0\bcel-6.5.0.jar;C:\Users\Yuriy\.m2\repository\org\scala-lang\scala-library\2.13.12\scala-library-2.13.12.jar
Launcher Type: SUN_STANDARD

[Global flags]
     intx CICompilerCount                          = 12                                        {product} {ergonomic}
     uint ConcGCThreads                            = 5                                         {product} {ergonomic}
     uint G1ConcRefinementThreads                  = 18                                        {product} {ergonomic}
   size_t G1HeapRegionSize                         = 16777216                                  {product} {ergonomic}
   size_t InitialHeapSize                          = 2147483648                                {product} {ergonomic}
   size_t MarkStackSize                            = 4194304                                   {product} {ergonomic}
   size_t MarkStackSizeMax                         = 536870912                                 {product} {ergonomic}
   size_t MaxHeapSize                              = 31675383808                               {product} {ergonomic}
   size_t MaxNewSize                               = 18991808512                               {product} {ergonomic}
   size_t MinHeapDeltaBytes                        = 16777216                                  {product} {ergonomic}
   size_t MinHeapSize                              = 16777216                                  {product} {ergonomic}
    uintx NonNMethodCodeHeapSize                   = 7602176                                {pd product} {ergonomic}
    uintx NonProfiledCodeHeapSize                  = 122093568                              {pd product} {ergonomic}
    uintx ProfiledCodeHeapSize                     = 121962496                              {pd product} {ergonomic}
    uintx ReservedCodeCacheSize                    = 251658240                              {pd product} {ergonomic}
     bool SegmentedCodeCache                       = true                                      {product} {ergonomic}
   size_t SoftMaxHeapSize                          = 31675383808                            {manageable} {ergonomic}
     bool UseCompressedOops                        = true                           {product lp64_product} {ergonomic}
     bool UseG1GC                                  = true                                      {product} {ergonomic}
     bool UseLargePagesIndividualAllocation        = false                                  {pd product} {ergonomic}

Logging:
Log output configuration:
 #0: stdout all=warning uptime,level,tags foldmultilines=false
 #1: stderr all=off uptime,level,tags foldmultilines=false

Environment Variables:
PATH=C:\Program Files (x86)\Razer Chroma SDK\bin;C:\Program Files\Razer Chroma SDK\bin;C:\Program Files (x86)\Razer\ChromaBroadcast\bin;C:\Program Files\Razer\ChromaBroadcast\bin;C:\Program Files\Common Files\Oracle\Java\javapath;C:\Windows\system32;C:\Windows;C:\Windows\System32\Wbem;C:\Windows\System32\WindowsPowerShell\v1.0\;C:\Windows\System32\OpenSSH\;C:\Program Files (x86)\NVIDIA Corporation\PhysX\Common;C:\Windows\system32\config\systemprofile\AppData\Local\Microsoft\WindowsApps;C:\Program Files\dotnet\;C:\Program Files (x86)\Windows Kits\10\Windows Performance Toolkit\;C:\Program Files\WireGuard\;C:\Program Files\Git\cmd;C:\Program Files\NVIDIA Corporation\NVIDIA NvDLISR;C:\Users\Yuriy\AppData\Local\Microsoft\WindowsApps;C:\Users\Yuriy\AppData\Local\Programs\Git\cmd;C:\Program Files\JetBrains\IntelliJ IDEA Community Edition 2024.2.4\bin;
USERNAME=Yuriy
OS=Windows_NT
PROCESSOR_IDENTIFIER=AMD64 Family 23 Model 113 Stepping 0, AuthenticAMD
TMP=C:\Users\Yuriy\AppData\Local\Temp
TEMP=C:\Users\Yuriy\AppData\Local\Temp




Periodic native trim disabled

---------------  S Y S T E M  ---------------

OS:
 Windows 10 , 64 bit Build 19041 (10.0.19041.5438)
OS uptime: 0 days 2:11 hours

CPU: total 24 (initial active 24) (24 cores per cpu, 2 threads per core) family 23 model 113 stepping 0 microcode 0x0, cx8, cmov, fxsr, ht, mmx, 3dnowpref, sse, sse2, sse3, ssse3, sse4a, sse4.1, sse4.2, popcnt, lzcnt, tsc, tscinvbit, avx, avx2, aes, clmul, bmi1, bmi2, adx, sha, fma, vzeroupper, clflush, clflushopt, rdtscp, rdpid, f16c
Processor Information for the first 24 processors :
  Max Mhz: 3801, Current Mhz: 3801, Mhz Limit: 3801

Memory: 4k page, system-wide physical 130986M (117550M free)
TotalPageFile size 150442M (AvailPageFile size 132772M)
current process WorkingSet (physical memory assigned to process): 190M, peak: 199M
current process commit charge ("private bytes"): 2492M, peak: 2502M

vm_info: OpenJDK 64-Bit Server VM (23.0.2+7-58) for windows-amd64 JRE (23.0.2+7-58), built on 2024-11-29T09:34:55Z with MS VC++ 17.6 (VS2022)

END.
